<?xml version="1.0" encoding="UTF-8"?>
<testsuite xmlns:xsi="http://www.w3.org/2001/XMLSchema-instance" xsi:noNamespaceSchemaLocation="https://maven.apache.org/surefire/maven-surefire-plugin/xsd/surefire-test-report-3.0.xsd" version="3.0" name="TestSuite" time="78.537" tests="2" errors="0" skipped="0" failures="0">
  <properties>
    <property name="sun.desktop" value="windows"/>
    <property name="awt.toolkit" value="sun.awt.windows.WToolkit"/>
    <property name="file.encoding.pkg" value="sun.io"/>
    <property name="java.specification.version" value="1.8"/>
    <property name="webdriver.chrome.driver" value="C:\WINDOWS\system32\config\systemprofile\.cache\selenium\chromedriver\win32\102.0.5005.61\chromedriver.exe"/>
    <property name="sun.cpu.isalist" value="amd64"/>
    <property name="sun.jnu.encoding" value="Cp1252"/>
    <property name="java.class.path" value="C:\Users\mdnas\eclipse-workspace\com.progressive.2022\target\test-classes;C:\Users\mdnas\eclipse-workspace\com.progressive.2022\target\classes;C:\WINDOWS\system32\config\systemprofile\.m2\repository\org\seleniumhq\selenium\selenium-java\4.1.3\selenium-java-4.1.3.jar;C:\WINDOWS\system32\config\systemprofile\.m2\repository\org\seleniumhq\selenium\selenium-api\4.1.3\selenium-api-4.1.3.jar;C:\WINDOWS\system32\config\systemprofile\.m2\repository\org\seleniumhq\selenium\selenium-chrome-driver\4.1.3\selenium-chrome-driver-4.1.3.jar;C:\WINDOWS\system32\config\systemprofile\.m2\repository\com\google\auto\service\auto-service-annotations\1.0.1\auto-service-annotations-1.0.1.jar;C:\WINDOWS\system32\config\systemprofile\.m2\repository\com\google\auto\service\auto-service\1.0.1\auto-service-1.0.1.jar;C:\WINDOWS\system32\config\systemprofile\.m2\repository\com\google\auto\auto-common\1.2\auto-common-1.2.jar;C:\WINDOWS\system32\config\systemprofile\.m2\repository\com\google\guava\guava\31.1-jre\guava-31.1-jre.jar;C:\WINDOWS\system32\config\systemprofile\.m2\repository\com\google\guava\failureaccess\1.0.1\failureaccess-1.0.1.jar;C:\WINDOWS\system32\config\systemprofile\.m2\repository\com\google\guava\listenablefuture\9999.0-empty-to-avoid-conflict-with-guava\listenablefuture-9999.0-empty-to-avoid-conflict-with-guava.jar;C:\WINDOWS\system32\config\systemprofile\.m2\repository\org\checkerframework\checker-qual\3.12.0\checker-qual-3.12.0.jar;C:\WINDOWS\system32\config\systemprofile\.m2\repository\com\google\errorprone\error_prone_annotations\2.11.0\error_prone_annotations-2.11.0.jar;C:\WINDOWS\system32\config\systemprofile\.m2\repository\com\google\j2objc\j2objc-annotations\1.3\j2objc-annotations-1.3.jar;C:\WINDOWS\system32\config\systemprofile\.m2\repository\org\seleniumhq\selenium\selenium-chromium-driver\4.1.3\selenium-chromium-driver-4.1.3.jar;C:\WINDOWS\system32\config\systemprofile\.m2\repository\org\seleniumhq\selenium\selenium-json\4.1.3\selenium-json-4.1.3.jar;C:\WINDOWS\system32\config\systemprofile\.m2\repository\org\seleniumhq\selenium\selenium-devtools-v85\4.1.3\selenium-devtools-v85-4.1.3.jar;C:\WINDOWS\system32\config\systemprofile\.m2\repository\org\seleniumhq\selenium\selenium-devtools-v97\4.1.3\selenium-devtools-v97-4.1.3.jar;C:\WINDOWS\system32\config\systemprofile\.m2\repository\org\seleniumhq\selenium\selenium-devtools-v98\4.1.3\selenium-devtools-v98-4.1.3.jar;C:\WINDOWS\system32\config\systemprofile\.m2\repository\org\seleniumhq\selenium\selenium-devtools-v99\4.1.3\selenium-devtools-v99-4.1.3.jar;C:\WINDOWS\system32\config\systemprofile\.m2\repository\org\seleniumhq\selenium\selenium-edge-driver\4.1.3\selenium-edge-driver-4.1.3.jar;C:\WINDOWS\system32\config\systemprofile\.m2\repository\org\seleniumhq\selenium\selenium-firefox-driver\4.1.3\selenium-firefox-driver-4.1.3.jar;C:\WINDOWS\system32\config\systemprofile\.m2\repository\org\seleniumhq\selenium\selenium-ie-driver\4.1.3\selenium-ie-driver-4.1.3.jar;C:\WINDOWS\system32\config\systemprofile\.m2\repository\org\seleniumhq\selenium\selenium-opera-driver\4.1.3\selenium-opera-driver-4.1.3.jar;C:\WINDOWS\system32\config\systemprofile\.m2\repository\org\seleniumhq\selenium\selenium-remote-driver\4.1.3\selenium-remote-driver-4.1.3.jar;C:\WINDOWS\system32\config\systemprofile\.m2\repository\io\netty\netty-buffer\4.1.75.Final\netty-buffer-4.1.75.Final.jar;C:\WINDOWS\system32\config\systemprofile\.m2\repository\io\netty\netty-codec-http\4.1.75.Final\netty-codec-http-4.1.75.Final.jar;C:\WINDOWS\system32\config\systemprofile\.m2\repository\io\netty\netty-codec\4.1.75.Final\netty-codec-4.1.75.Final.jar;C:\WINDOWS\system32\config\systemprofile\.m2\repository\io\netty\netty-handler\4.1.75.Final\netty-handler-4.1.75.Final.jar;C:\WINDOWS\system32\config\systemprofile\.m2\repository\io\netty\netty-common\4.1.75.Final\netty-common-4.1.75.Final.jar;C:\WINDOWS\system32\config\systemprofile\.m2\repository\io\netty\netty-transport-classes-epoll\4.1.75.Final\netty-transport-classes-epoll-4.1.75.Final.jar;C:\WINDOWS\system32\config\systemprofile\.m2\repository\io\netty\netty-transport-classes-kqueue\4.1.75.Final\netty-transport-classes-kqueue-4.1.75.Final.jar;C:\WINDOWS\system32\config\systemprofile\.m2\repository\io\netty\netty-transport-native-epoll\4.1.75.Final\netty-transport-native-epoll-4.1.75.Final.jar;C:\WINDOWS\system32\config\systemprofile\.m2\repository\io\netty\netty-transport-native-kqueue\4.1.75.Final\netty-transport-native-kqueue-4.1.75.Final.jar;C:\WINDOWS\system32\config\systemprofile\.m2\repository\io\netty\netty-transport-native-unix-common\4.1.75.Final\netty-transport-native-unix-common-4.1.75.Final.jar;C:\WINDOWS\system32\config\systemprofile\.m2\repository\io\netty\netty-transport\4.1.75.Final\netty-transport-4.1.75.Final.jar;C:\WINDOWS\system32\config\systemprofile\.m2\repository\io\netty\netty-resolver\4.1.75.Final\netty-resolver-4.1.75.Final.jar;C:\WINDOWS\system32\config\systemprofile\.m2\repository\io\opentelemetry\opentelemetry-api\1.12.0\opentelemetry-api-1.12.0.jar;C:\WINDOWS\system32\config\systemprofile\.m2\repository\io\opentelemetry\opentelemetry-context\1.12.0\opentelemetry-context-1.12.0.jar;C:\WINDOWS\system32\config\systemprofile\.m2\repository\io\opentelemetry\opentelemetry-exporter-logging\1.12.0\opentelemetry-exporter-logging-1.12.0.jar;C:\WINDOWS\system32\config\systemprofile\.m2\repository\io\opentelemetry\opentelemetry-sdk-metrics\1.12.0-alpha\opentelemetry-sdk-metrics-1.12.0-alpha.jar;C:\WINDOWS\system32\config\systemprofile\.m2\repository\io\opentelemetry\opentelemetry-sdk-logs\1.12.0-alpha\opentelemetry-sdk-logs-1.12.0-alpha.jar;C:\WINDOWS\system32\config\systemprofile\.m2\repository\io\opentelemetry\opentelemetry-sdk-common\1.12.0\opentelemetry-sdk-common-1.12.0.jar;C:\WINDOWS\system32\config\systemprofile\.m2\repository\io\opentelemetry\opentelemetry-sdk-extension-autoconfigure-spi\1.12.0\opentelemetry-sdk-extension-autoconfigure-spi-1.12.0.jar;C:\WINDOWS\system32\config\systemprofile\.m2\repository\io\opentelemetry\opentelemetry-sdk-extension-autoconfigure\1.12.0-alpha\opentelemetry-sdk-extension-autoconfigure-1.12.0-alpha.jar;C:\WINDOWS\system32\config\systemprofile\.m2\repository\io\opentelemetry\opentelemetry-sdk-trace\1.12.0\opentelemetry-sdk-trace-1.12.0.jar;C:\WINDOWS\system32\config\systemprofile\.m2\repository\io\opentelemetry\opentelemetry-sdk\1.12.0\opentelemetry-sdk-1.12.0.jar;C:\WINDOWS\system32\config\systemprofile\.m2\repository\io\opentelemetry\opentelemetry-semconv\1.12.0-alpha\opentelemetry-semconv-1.12.0-alpha.jar;C:\WINDOWS\system32\config\systemprofile\.m2\repository\io\ous\jtoml\2.0.0\jtoml-2.0.0.jar;C:\WINDOWS\system32\config\systemprofile\.m2\repository\net\bytebuddy\byte-buddy\1.12.8\byte-buddy-1.12.8.jar;C:\WINDOWS\system32\config\systemprofile\.m2\repository\org\apache\commons\commons-exec\1.3\commons-exec-1.3.jar;C:\WINDOWS\system32\config\systemprofile\.m2\repository\org\asynchttpclient\async-http-client\2.12.3\async-http-client-2.12.3.jar;C:\WINDOWS\system32\config\systemprofile\.m2\repository\org\asynchttpclient\async-http-client-netty-utils\2.12.3\async-http-client-netty-utils-2.12.3.jar;C:\WINDOWS\system32\config\systemprofile\.m2\repository\io\netty\netty-codec-socks\4.1.60.Final\netty-codec-socks-4.1.60.Final.jar;C:\WINDOWS\system32\config\systemprofile\.m2\repository\io\netty\netty-handler-proxy\4.1.60.Final\netty-handler-proxy-4.1.60.Final.jar;C:\WINDOWS\system32\config\systemprofile\.m2\repository\io\netty\netty-transport-native-epoll\4.1.60.Final\netty-transport-native-epoll-4.1.60.Final-linux-x86_64.jar;C:\WINDOWS\system32\config\systemprofile\.m2\repository\io\netty\netty-transport-native-kqueue\4.1.60.Final\netty-transport-native-kqueue-4.1.60.Final-osx-x86_64.jar;C:\WINDOWS\system32\config\systemprofile\.m2\repository\com\typesafe\netty\netty-reactive-streams\2.0.4\netty-reactive-streams-2.0.4.jar;C:\WINDOWS\system32\config\systemprofile\.m2\repository\com\sun\activation\jakarta.activation\1.2.2\jakarta.activation-1.2.2.jar;C:\WINDOWS\system32\config\systemprofile\.m2\repository\org\seleniumhq\selenium\selenium-http\4.1.3\selenium-http-4.1.3.jar;C:\WINDOWS\system32\config\systemprofile\.m2\repository\dev\failsafe\failsafe\3.2.3\failsafe-3.2.3.jar;C:\WINDOWS\system32\config\systemprofile\.m2\repository\org\seleniumhq\selenium\selenium-safari-driver\4.1.3\selenium-safari-driver-4.1.3.jar;C:\WINDOWS\system32\config\systemprofile\.m2\repository\org\seleniumhq\selenium\selenium-support\4.1.3\selenium-support-4.1.3.jar;C:\WINDOWS\system32\config\systemprofile\.m2\repository\org\testng\testng\7.5\testng-7.5.jar;C:\WINDOWS\system32\config\systemprofile\.m2\repository\com\google\code\findbugs\jsr305\3.0.1\jsr305-3.0.1.jar;C:\WINDOWS\system32\config\systemprofile\.m2\repository\com\beust\jcommander\1.78\jcommander-1.78.jar;C:\WINDOWS\system32\config\systemprofile\.m2\repository\org\webjars\jquery\3.5.1\jquery-3.5.1.jar;C:\WINDOWS\system32\config\systemprofile\.m2\repository\io\github\bonigarcia\webdrivermanager\5.1.1\webdrivermanager-5.1.1.jar;C:\WINDOWS\system32\config\systemprofile\.m2\repository\com\google\code\gson\gson\2.9.0\gson-2.9.0.jar;C:\WINDOWS\system32\config\systemprofile\.m2\repository\com\github\docker-java\docker-java\3.2.13\docker-java-3.2.13.jar;C:\WINDOWS\system32\config\systemprofile\.m2\repository\com\github\docker-java\docker-java-core\3.2.13\docker-java-core-3.2.13.jar;C:\WINDOWS\system32\config\systemprofile\.m2\repository\com\github\docker-java\docker-java-api\3.2.13\docker-java-api-3.2.13.jar;C:\WINDOWS\system32\config\systemprofile\.m2\repository\com\fasterxml\jackson\core\jackson-annotations\2.10.3\jackson-annotations-2.10.3.jar;C:\WINDOWS\system32\config\systemprofile\.m2\repository\com\fasterxml\jackson\core\jackson-databind\2.10.3\jackson-databind-2.10.3.jar;C:\WINDOWS\system32\config\systemprofile\.m2\repository\com\fasterxml\jackson\core\jackson-core\2.10.3\jackson-core-2.10.3.jar;C:\WINDOWS\system32\config\systemprofile\.m2\repository\org\bouncycastle\bcpkix-jdk15on\1.64\bcpkix-jdk15on-1.64.jar;C:\WINDOWS\system32\config\systemprofile\.m2\repository\org\bouncycastle\bcprov-jdk15on\1.64\bcprov-jdk15on-1.64.jar;C:\WINDOWS\system32\config\systemprofile\.m2\repository\org\slf4j\jcl-over-slf4j\1.7.30\jcl-over-slf4j-1.7.30.jar;C:\WINDOWS\system32\config\systemprofile\.m2\repository\com\github\docker-java\docker-java-transport-httpclient5\3.2.13\docker-java-transport-httpclient5-3.2.13.jar;C:\WINDOWS\system32\config\systemprofile\.m2\repository\com\github\docker-java\docker-java-transport\3.2.13\docker-java-transport-3.2.13.jar;C:\WINDOWS\system32\config\systemprofile\.m2\repository\net\java\dev\jna\jna\5.8.0\jna-5.8.0.jar;C:\WINDOWS\system32\config\systemprofile\.m2\repository\org\brotli\dec\0.1.2\dec-0.1.2.jar;C:\WINDOWS\system32\config\systemprofile\.m2\repository\org\apache\commons\commons-lang3\3.12.0\commons-lang3-3.12.0.jar;C:\WINDOWS\system32\config\systemprofile\.m2\repository\org\apache\httpcomponents\client5\httpclient5\5.1.3\httpclient5-5.1.3.jar;C:\WINDOWS\system32\config\systemprofile\.m2\repository\org\apache\httpcomponents\core5\httpcore5\5.1.3\httpcore5-5.1.3.jar;C:\WINDOWS\system32\config\systemprofile\.m2\repository\org\apache\httpcomponents\core5\httpcore5-h2\5.1.3\httpcore5-h2-5.1.3.jar;C:\WINDOWS\system32\config\systemprofile\.m2\repository\org\apache\poi\poi\5.2.0\poi-5.2.0.jar;C:\WINDOWS\system32\config\systemprofile\.m2\repository\commons-codec\commons-codec\1.15\commons-codec-1.15.jar;C:\WINDOWS\system32\config\systemprofile\.m2\repository\org\apache\commons\commons-collections4\4.4\commons-collections4-4.4.jar;C:\WINDOWS\system32\config\systemprofile\.m2\repository\org\apache\commons\commons-math3\3.6.1\commons-math3-3.6.1.jar;C:\WINDOWS\system32\config\systemprofile\.m2\repository\commons-io\commons-io\2.11.0\commons-io-2.11.0.jar;C:\WINDOWS\system32\config\systemprofile\.m2\repository\com\zaxxer\SparseBitSet\1.2\SparseBitSet-1.2.jar;C:\WINDOWS\system32\config\systemprofile\.m2\repository\org\apache\logging\log4j\log4j-api\2.17.1\log4j-api-2.17.1.jar;C:\WINDOWS\system32\config\systemprofile\.m2\repository\org\apache\poi\poi-ooxml\5.2.0\poi-ooxml-5.2.0.jar;C:\WINDOWS\system32\config\systemprofile\.m2\repository\org\apache\poi\poi-ooxml-lite\5.2.0\poi-ooxml-lite-5.2.0.jar;C:\WINDOWS\system32\config\systemprofile\.m2\repository\org\apache\xmlbeans\xmlbeans\5.0.3\xmlbeans-5.0.3.jar;C:\WINDOWS\system32\config\systemprofile\.m2\repository\xml-apis\xml-apis\1.4.01\xml-apis-1.4.01.jar;C:\WINDOWS\system32\config\systemprofile\.m2\repository\org\apache\commons\commons-compress\1.21\commons-compress-1.21.jar;C:\WINDOWS\system32\config\systemprofile\.m2\repository\com\github\virtuald\curvesapi\1.06\curvesapi-1.06.jar;C:\WINDOWS\system32\config\systemprofile\.m2\repository\org\slf4j\slf4j-api\2.0.0-alpha7\slf4j-api-2.0.0-alpha7.jar;C:\WINDOWS\system32\config\systemprofile\.m2\repository\com\aventstack\extentreports\5.0.9\extentreports-5.0.9.jar;C:\WINDOWS\system32\config\systemprofile\.m2\repository\io\reactivex\rxjava3\rxjava\3.0.4\rxjava-3.0.4.jar;C:\WINDOWS\system32\config\systemprofile\.m2\repository\org\reactivestreams\reactive-streams\1.0.3\reactive-streams-1.0.3.jar;C:\WINDOWS\system32\config\systemprofile\.m2\repository\org\freemarker\freemarker\2.3.30\freemarker-2.3.30.jar;C:\WINDOWS\system32\config\systemprofile\.m2\repository\org\projectlombok\lombok\1.18.12\lombok-1.18.12.jar;"/>
    <property name="java.vm.vendor" value="Oracle Corporation"/>
    <property name="sun.arch.data.model" value="64"/>
    <property name="user.variant" value=""/>
    <property name="java.vendor.url" value="http://java.oracle.com/"/>
    <property name="user.timezone" value="America/New_York"/>
    <property name="java.vm.specification.version" value="1.8"/>
    <property name="os.name" value="Windows 10"/>
    <property name="user.country" value="US"/>
    <property name="sun.java.launcher" value="SUN_STANDARD"/>
    <property name="sun.boot.library.path" value="C:\Program Files\Java\jdk1.8.0_301\jre\bin"/>
    <property name="sun.java.command" value="C:\Windows\Temp\surefire6725487524822715533\surefirebooter8107072565331481719.jar C:\Windows\Temp\surefire6725487524822715533 2022-06-05T23-06-29_546-jvmRun1 surefire2563744583941044452tmp surefire_03412693620702822249tmp"/>
    <property name="surefire.test.class.path" value="C:\Users\mdnas\eclipse-workspace\com.progressive.2022\target\test-classes;C:\Users\mdnas\eclipse-workspace\com.progressive.2022\target\classes;C:\WINDOWS\system32\config\systemprofile\.m2\repository\org\seleniumhq\selenium\selenium-java\4.1.3\selenium-java-4.1.3.jar;C:\WINDOWS\system32\config\systemprofile\.m2\repository\org\seleniumhq\selenium\selenium-api\4.1.3\selenium-api-4.1.3.jar;C:\WINDOWS\system32\config\systemprofile\.m2\repository\org\seleniumhq\selenium\selenium-chrome-driver\4.1.3\selenium-chrome-driver-4.1.3.jar;C:\WINDOWS\system32\config\systemprofile\.m2\repository\com\google\auto\service\auto-service-annotations\1.0.1\auto-service-annotations-1.0.1.jar;C:\WINDOWS\system32\config\systemprofile\.m2\repository\com\google\auto\service\auto-service\1.0.1\auto-service-1.0.1.jar;C:\WINDOWS\system32\config\systemprofile\.m2\repository\com\google\auto\auto-common\1.2\auto-common-1.2.jar;C:\WINDOWS\system32\config\systemprofile\.m2\repository\com\google\guava\guava\31.1-jre\guava-31.1-jre.jar;C:\WINDOWS\system32\config\systemprofile\.m2\repository\com\google\guava\failureaccess\1.0.1\failureaccess-1.0.1.jar;C:\WINDOWS\system32\config\systemprofile\.m2\repository\com\google\guava\listenablefuture\9999.0-empty-to-avoid-conflict-with-guava\listenablefuture-9999.0-empty-to-avoid-conflict-with-guava.jar;C:\WINDOWS\system32\config\systemprofile\.m2\repository\org\checkerframework\checker-qual\3.12.0\checker-qual-3.12.0.jar;C:\WINDOWS\system32\config\systemprofile\.m2\repository\com\google\errorprone\error_prone_annotations\2.11.0\error_prone_annotations-2.11.0.jar;C:\WINDOWS\system32\config\systemprofile\.m2\repository\com\google\j2objc\j2objc-annotations\1.3\j2objc-annotations-1.3.jar;C:\WINDOWS\system32\config\systemprofile\.m2\repository\org\seleniumhq\selenium\selenium-chromium-driver\4.1.3\selenium-chromium-driver-4.1.3.jar;C:\WINDOWS\system32\config\systemprofile\.m2\repository\org\seleniumhq\selenium\selenium-json\4.1.3\selenium-json-4.1.3.jar;C:\WINDOWS\system32\config\systemprofile\.m2\repository\org\seleniumhq\selenium\selenium-devtools-v85\4.1.3\selenium-devtools-v85-4.1.3.jar;C:\WINDOWS\system32\config\systemprofile\.m2\repository\org\seleniumhq\selenium\selenium-devtools-v97\4.1.3\selenium-devtools-v97-4.1.3.jar;C:\WINDOWS\system32\config\systemprofile\.m2\repository\org\seleniumhq\selenium\selenium-devtools-v98\4.1.3\selenium-devtools-v98-4.1.3.jar;C:\WINDOWS\system32\config\systemprofile\.m2\repository\org\seleniumhq\selenium\selenium-devtools-v99\4.1.3\selenium-devtools-v99-4.1.3.jar;C:\WINDOWS\system32\config\systemprofile\.m2\repository\org\seleniumhq\selenium\selenium-edge-driver\4.1.3\selenium-edge-driver-4.1.3.jar;C:\WINDOWS\system32\config\systemprofile\.m2\repository\org\seleniumhq\selenium\selenium-firefox-driver\4.1.3\selenium-firefox-driver-4.1.3.jar;C:\WINDOWS\system32\config\systemprofile\.m2\repository\org\seleniumhq\selenium\selenium-ie-driver\4.1.3\selenium-ie-driver-4.1.3.jar;C:\WINDOWS\system32\config\systemprofile\.m2\repository\org\seleniumhq\selenium\selenium-opera-driver\4.1.3\selenium-opera-driver-4.1.3.jar;C:\WINDOWS\system32\config\systemprofile\.m2\repository\org\seleniumhq\selenium\selenium-remote-driver\4.1.3\selenium-remote-driver-4.1.3.jar;C:\WINDOWS\system32\config\systemprofile\.m2\repository\io\netty\netty-buffer\4.1.75.Final\netty-buffer-4.1.75.Final.jar;C:\WINDOWS\system32\config\systemprofile\.m2\repository\io\netty\netty-codec-http\4.1.75.Final\netty-codec-http-4.1.75.Final.jar;C:\WINDOWS\system32\config\systemprofile\.m2\repository\io\netty\netty-codec\4.1.75.Final\netty-codec-4.1.75.Final.jar;C:\WINDOWS\system32\config\systemprofile\.m2\repository\io\netty\netty-handler\4.1.75.Final\netty-handler-4.1.75.Final.jar;C:\WINDOWS\system32\config\systemprofile\.m2\repository\io\netty\netty-common\4.1.75.Final\netty-common-4.1.75.Final.jar;C:\WINDOWS\system32\config\systemprofile\.m2\repository\io\netty\netty-transport-classes-epoll\4.1.75.Final\netty-transport-classes-epoll-4.1.75.Final.jar;C:\WINDOWS\system32\config\systemprofile\.m2\repository\io\netty\netty-transport-classes-kqueue\4.1.75.Final\netty-transport-classes-kqueue-4.1.75.Final.jar;C:\WINDOWS\system32\config\systemprofile\.m2\repository\io\netty\netty-transport-native-epoll\4.1.75.Final\netty-transport-native-epoll-4.1.75.Final.jar;C:\WINDOWS\system32\config\systemprofile\.m2\repository\io\netty\netty-transport-native-kqueue\4.1.75.Final\netty-transport-native-kqueue-4.1.75.Final.jar;C:\WINDOWS\system32\config\systemprofile\.m2\repository\io\netty\netty-transport-native-unix-common\4.1.75.Final\netty-transport-native-unix-common-4.1.75.Final.jar;C:\WINDOWS\system32\config\systemprofile\.m2\repository\io\netty\netty-transport\4.1.75.Final\netty-transport-4.1.75.Final.jar;C:\WINDOWS\system32\config\systemprofile\.m2\repository\io\netty\netty-resolver\4.1.75.Final\netty-resolver-4.1.75.Final.jar;C:\WINDOWS\system32\config\systemprofile\.m2\repository\io\opentelemetry\opentelemetry-api\1.12.0\opentelemetry-api-1.12.0.jar;C:\WINDOWS\system32\config\systemprofile\.m2\repository\io\opentelemetry\opentelemetry-context\1.12.0\opentelemetry-context-1.12.0.jar;C:\WINDOWS\system32\config\systemprofile\.m2\repository\io\opentelemetry\opentelemetry-exporter-logging\1.12.0\opentelemetry-exporter-logging-1.12.0.jar;C:\WINDOWS\system32\config\systemprofile\.m2\repository\io\opentelemetry\opentelemetry-sdk-metrics\1.12.0-alpha\opentelemetry-sdk-metrics-1.12.0-alpha.jar;C:\WINDOWS\system32\config\systemprofile\.m2\repository\io\opentelemetry\opentelemetry-sdk-logs\1.12.0-alpha\opentelemetry-sdk-logs-1.12.0-alpha.jar;C:\WINDOWS\system32\config\systemprofile\.m2\repository\io\opentelemetry\opentelemetry-sdk-common\1.12.0\opentelemetry-sdk-common-1.12.0.jar;C:\WINDOWS\system32\config\systemprofile\.m2\repository\io\opentelemetry\opentelemetry-sdk-extension-autoconfigure-spi\1.12.0\opentelemetry-sdk-extension-autoconfigure-spi-1.12.0.jar;C:\WINDOWS\system32\config\systemprofile\.m2\repository\io\opentelemetry\opentelemetry-sdk-extension-autoconfigure\1.12.0-alpha\opentelemetry-sdk-extension-autoconfigure-1.12.0-alpha.jar;C:\WINDOWS\system32\config\systemprofile\.m2\repository\io\opentelemetry\opentelemetry-sdk-trace\1.12.0\opentelemetry-sdk-trace-1.12.0.jar;C:\WINDOWS\system32\config\systemprofile\.m2\repository\io\opentelemetry\opentelemetry-sdk\1.12.0\opentelemetry-sdk-1.12.0.jar;C:\WINDOWS\system32\config\systemprofile\.m2\repository\io\opentelemetry\opentelemetry-semconv\1.12.0-alpha\opentelemetry-semconv-1.12.0-alpha.jar;C:\WINDOWS\system32\config\systemprofile\.m2\repository\io\ous\jtoml\2.0.0\jtoml-2.0.0.jar;C:\WINDOWS\system32\config\systemprofile\.m2\repository\net\bytebuddy\byte-buddy\1.12.8\byte-buddy-1.12.8.jar;C:\WINDOWS\system32\config\systemprofile\.m2\repository\org\apache\commons\commons-exec\1.3\commons-exec-1.3.jar;C:\WINDOWS\system32\config\systemprofile\.m2\repository\org\asynchttpclient\async-http-client\2.12.3\async-http-client-2.12.3.jar;C:\WINDOWS\system32\config\systemprofile\.m2\repository\org\asynchttpclient\async-http-client-netty-utils\2.12.3\async-http-client-netty-utils-2.12.3.jar;C:\WINDOWS\system32\config\systemprofile\.m2\repository\io\netty\netty-codec-socks\4.1.60.Final\netty-codec-socks-4.1.60.Final.jar;C:\WINDOWS\system32\config\systemprofile\.m2\repository\io\netty\netty-handler-proxy\4.1.60.Final\netty-handler-proxy-4.1.60.Final.jar;C:\WINDOWS\system32\config\systemprofile\.m2\repository\io\netty\netty-transport-native-epoll\4.1.60.Final\netty-transport-native-epoll-4.1.60.Final-linux-x86_64.jar;C:\WINDOWS\system32\config\systemprofile\.m2\repository\io\netty\netty-transport-native-kqueue\4.1.60.Final\netty-transport-native-kqueue-4.1.60.Final-osx-x86_64.jar;C:\WINDOWS\system32\config\systemprofile\.m2\repository\com\typesafe\netty\netty-reactive-streams\2.0.4\netty-reactive-streams-2.0.4.jar;C:\WINDOWS\system32\config\systemprofile\.m2\repository\com\sun\activation\jakarta.activation\1.2.2\jakarta.activation-1.2.2.jar;C:\WINDOWS\system32\config\systemprofile\.m2\repository\org\seleniumhq\selenium\selenium-http\4.1.3\selenium-http-4.1.3.jar;C:\WINDOWS\system32\config\systemprofile\.m2\repository\dev\failsafe\failsafe\3.2.3\failsafe-3.2.3.jar;C:\WINDOWS\system32\config\systemprofile\.m2\repository\org\seleniumhq\selenium\selenium-safari-driver\4.1.3\selenium-safari-driver-4.1.3.jar;C:\WINDOWS\system32\config\systemprofile\.m2\repository\org\seleniumhq\selenium\selenium-support\4.1.3\selenium-support-4.1.3.jar;C:\WINDOWS\system32\config\systemprofile\.m2\repository\org\testng\testng\7.5\testng-7.5.jar;C:\WINDOWS\system32\config\systemprofile\.m2\repository\com\google\code\findbugs\jsr305\3.0.1\jsr305-3.0.1.jar;C:\WINDOWS\system32\config\systemprofile\.m2\repository\com\beust\jcommander\1.78\jcommander-1.78.jar;C:\WINDOWS\system32\config\systemprofile\.m2\repository\org\webjars\jquery\3.5.1\jquery-3.5.1.jar;C:\WINDOWS\system32\config\systemprofile\.m2\repository\io\github\bonigarcia\webdrivermanager\5.1.1\webdrivermanager-5.1.1.jar;C:\WINDOWS\system32\config\systemprofile\.m2\repository\com\google\code\gson\gson\2.9.0\gson-2.9.0.jar;C:\WINDOWS\system32\config\systemprofile\.m2\repository\com\github\docker-java\docker-java\3.2.13\docker-java-3.2.13.jar;C:\WINDOWS\system32\config\systemprofile\.m2\repository\com\github\docker-java\docker-java-core\3.2.13\docker-java-core-3.2.13.jar;C:\WINDOWS\system32\config\systemprofile\.m2\repository\com\github\docker-java\docker-java-api\3.2.13\docker-java-api-3.2.13.jar;C:\WINDOWS\system32\config\systemprofile\.m2\repository\com\fasterxml\jackson\core\jackson-annotations\2.10.3\jackson-annotations-2.10.3.jar;C:\WINDOWS\system32\config\systemprofile\.m2\repository\com\fasterxml\jackson\core\jackson-databind\2.10.3\jackson-databind-2.10.3.jar;C:\WINDOWS\system32\config\systemprofile\.m2\repository\com\fasterxml\jackson\core\jackson-core\2.10.3\jackson-core-2.10.3.jar;C:\WINDOWS\system32\config\systemprofile\.m2\repository\org\bouncycastle\bcpkix-jdk15on\1.64\bcpkix-jdk15on-1.64.jar;C:\WINDOWS\system32\config\systemprofile\.m2\repository\org\bouncycastle\bcprov-jdk15on\1.64\bcprov-jdk15on-1.64.jar;C:\WINDOWS\system32\config\systemprofile\.m2\repository\org\slf4j\jcl-over-slf4j\1.7.30\jcl-over-slf4j-1.7.30.jar;C:\WINDOWS\system32\config\systemprofile\.m2\repository\com\github\docker-java\docker-java-transport-httpclient5\3.2.13\docker-java-transport-httpclient5-3.2.13.jar;C:\WINDOWS\system32\config\systemprofile\.m2\repository\com\github\docker-java\docker-java-transport\3.2.13\docker-java-transport-3.2.13.jar;C:\WINDOWS\system32\config\systemprofile\.m2\repository\net\java\dev\jna\jna\5.8.0\jna-5.8.0.jar;C:\WINDOWS\system32\config\systemprofile\.m2\repository\org\brotli\dec\0.1.2\dec-0.1.2.jar;C:\WINDOWS\system32\config\systemprofile\.m2\repository\org\apache\commons\commons-lang3\3.12.0\commons-lang3-3.12.0.jar;C:\WINDOWS\system32\config\systemprofile\.m2\repository\org\apache\httpcomponents\client5\httpclient5\5.1.3\httpclient5-5.1.3.jar;C:\WINDOWS\system32\config\systemprofile\.m2\repository\org\apache\httpcomponents\core5\httpcore5\5.1.3\httpcore5-5.1.3.jar;C:\WINDOWS\system32\config\systemprofile\.m2\repository\org\apache\httpcomponents\core5\httpcore5-h2\5.1.3\httpcore5-h2-5.1.3.jar;C:\WINDOWS\system32\config\systemprofile\.m2\repository\org\apache\poi\poi\5.2.0\poi-5.2.0.jar;C:\WINDOWS\system32\config\systemprofile\.m2\repository\commons-codec\commons-codec\1.15\commons-codec-1.15.jar;C:\WINDOWS\system32\config\systemprofile\.m2\repository\org\apache\commons\commons-collections4\4.4\commons-collections4-4.4.jar;C:\WINDOWS\system32\config\systemprofile\.m2\repository\org\apache\commons\commons-math3\3.6.1\commons-math3-3.6.1.jar;C:\WINDOWS\system32\config\systemprofile\.m2\repository\commons-io\commons-io\2.11.0\commons-io-2.11.0.jar;C:\WINDOWS\system32\config\systemprofile\.m2\repository\com\zaxxer\SparseBitSet\1.2\SparseBitSet-1.2.jar;C:\WINDOWS\system32\config\systemprofile\.m2\repository\org\apache\logging\log4j\log4j-api\2.17.1\log4j-api-2.17.1.jar;C:\WINDOWS\system32\config\systemprofile\.m2\repository\org\apache\poi\poi-ooxml\5.2.0\poi-ooxml-5.2.0.jar;C:\WINDOWS\system32\config\systemprofile\.m2\repository\org\apache\poi\poi-ooxml-lite\5.2.0\poi-ooxml-lite-5.2.0.jar;C:\WINDOWS\system32\config\systemprofile\.m2\repository\org\apache\xmlbeans\xmlbeans\5.0.3\xmlbeans-5.0.3.jar;C:\WINDOWS\system32\config\systemprofile\.m2\repository\xml-apis\xml-apis\1.4.01\xml-apis-1.4.01.jar;C:\WINDOWS\system32\config\systemprofile\.m2\repository\org\apache\commons\commons-compress\1.21\commons-compress-1.21.jar;C:\WINDOWS\system32\config\systemprofile\.m2\repository\com\github\virtuald\curvesapi\1.06\curvesapi-1.06.jar;C:\WINDOWS\system32\config\systemprofile\.m2\repository\org\slf4j\slf4j-api\2.0.0-alpha7\slf4j-api-2.0.0-alpha7.jar;C:\WINDOWS\system32\config\systemprofile\.m2\repository\com\aventstack\extentreports\5.0.9\extentreports-5.0.9.jar;C:\WINDOWS\system32\config\systemprofile\.m2\repository\io\reactivex\rxjava3\rxjava\3.0.4\rxjava-3.0.4.jar;C:\WINDOWS\system32\config\systemprofile\.m2\repository\org\reactivestreams\reactive-streams\1.0.3\reactive-streams-1.0.3.jar;C:\WINDOWS\system32\config\systemprofile\.m2\repository\org\freemarker\freemarker\2.3.30\freemarker-2.3.30.jar;C:\WINDOWS\system32\config\systemprofile\.m2\repository\org\projectlombok\lombok\1.18.12\lombok-1.18.12.jar;"/>
    <property name="sun.cpu.endian" value="little"/>
    <property name="user.home" value="C:\WINDOWS\system32\config\systemprofile"/>
    <property name="user.language" value="en"/>
    <property name="java.specification.vendor" value="Oracle Corporation"/>
    <property name="java.home" value="C:\Program Files\Java\jdk1.8.0_301\jre"/>
    <property name="basedir" value="C:\Users\mdnas\eclipse-workspace\com.progressive.2022"/>
    <property name="file.separator" value="\"/>
    <property name="line.separator" value="&#10;"/>
    <property name="java.vm.specification.vendor" value="Oracle Corporation"/>
    <property name="java.specification.name" value="Java Platform API Specification"/>
    <property name="java.awt.graphicsenv" value="sun.awt.Win32GraphicsEnvironment"/>
    <property name="surefire.real.class.path" value="C:\Windows\Temp\surefire6725487524822715533\surefirebooter8107072565331481719.jar"/>
    <property name="sun.boot.class.path" value="C:\Program Files\Java\jdk1.8.0_301\jre\lib\resources.jar;C:\Program Files\Java\jdk1.8.0_301\jre\lib\rt.jar;C:\Program Files\Java\jdk1.8.0_301\jre\lib\sunrsasign.jar;C:\Program Files\Java\jdk1.8.0_301\jre\lib\jsse.jar;C:\Program Files\Java\jdk1.8.0_301\jre\lib\jce.jar;C:\Program Files\Java\jdk1.8.0_301\jre\lib\charsets.jar;C:\Program Files\Java\jdk1.8.0_301\jre\lib\jfr.jar;C:\Program Files\Java\jdk1.8.0_301\jre\classes"/>
    <property name="user.script" value=""/>
    <property name="sun.management.compiler" value="HotSpot 64-Bit Tiered Compilers"/>
    <property name="java.runtime.version" value="1.8.0_301-b09"/>
    <property name="user.name" value="NAS$"/>
    <property name="path.separator" value=";"/>
    <property name="os.version" value="10.0"/>
    <property name="java.endorsed.dirs" value="C:\Program Files\Java\jdk1.8.0_301\jre\lib\endorsed"/>
    <property name="java.runtime.name" value="Java(TM) SE Runtime Environment"/>
    <property name="file.encoding" value="Cp1252"/>
    <property name="java.vm.name" value="Java HotSpot(TM) 64-Bit Server VM"/>
    <property name="localRepository" value="C:\WINDOWS\system32\config\systemprofile\.m2\repository"/>
    <property name="java.vendor.url.bug" value="http://bugreport.sun.com/bugreport/"/>
    <property name="java.io.tmpdir" value="C:\WINDOWS\TEMP\"/>
    <property name="java.version" value="1.8.0_301"/>
    <property name="user.dir" value="C:\Users\mdnas\eclipse-workspace\com.progressive.2022"/>
    <property name="os.arch" value="amd64"/>
    <property name="java.vm.specification.name" value="Java Virtual Machine Specification"/>
    <property name="java.awt.printerjob" value="sun.awt.windows.WPrinterJob"/>
    <property name="sun.os.patch.level" value=""/>
    <property name="java.library.path" value="C:\Program Files\Java\jdk1.8.0_301\jre\bin;C:\WINDOWS\Sun\Java\bin;C:\WINDOWS\system32;C:\WINDOWS;C:\ProgramData\Jenkins\.jenkins\tools\hudson.tasks.Maven_MavenInstallation\Maven/bin;C:\Program Files\Java\jdk1.8.0_301/bin;C:\Program Files\Java\jdk1.8.0_301/bin;C:\WINDOWS.X64_193000_db_home\bin;C:\Program Files (x86)\Common Files\Oracle\Java\javapath;C:\Python310\Scripts\;C:\Python310\;C:\WINDOWS\system32;C:\WINDOWS;C:\WINDOWS\System32\Wbem;C:\WINDOWS\System32\WindowsPowerShell\v1.0\;C:\WINDOWS\System32\OpenSSH\;C:\Program Files (x86)\NVIDIA Corporation\PhysX\Common;C:\Program Files\NVIDIA Corporation\NVIDIA NvDLISR;C:\Program Files\Intel\WiFi\bin\;C:\Program Files\Common Files\Intel\WirelessCommon\;C:\Program Files\nodejs\;C:\ProgramData\chocolatey\bin;C:\apache-maven-3.5.4\bin;C:\Program Files\Git\cmd;C:\Users\mdnas\AppData\Local\Android\Sdk\platform-tools\;C:\Users\mdnas\AppData\Local\Android\Sdk\tools\;C:\Users\mdnas\AppData\Local\Android\Sdk\tools\bin\;C:\Program Files\Java\jdk1.8.0_301\bin;C:\WINDOWS\system32\config\systemprofile\AppData\Local\Microsoft\WindowsApps;."/>
    <property name="java.vm.info" value="mixed mode"/>
    <property name="java.vendor" value="Oracle Corporation"/>
    <property name="java.vm.version" value="25.301-b09"/>
    <property name="java.ext.dirs" value="C:\Program Files\Java\jdk1.8.0_301\jre\lib\ext;C:\WINDOWS\Sun\Java\lib\ext"/>
    <property name="sun.io.unicode.encoding" value="UnicodeLittle"/>
    <property name="java.class.version" value="52.0"/>
  </properties>
  <testcase name="autoTest[{Zip=11418, Is Ride Share?=false, Is Daytime Lamp=false, Address=12312 Liberty Avenue, First Name=Jahangir, Middle Name=M, Vehicle Model=CHEROKEE, P.O.Box=false, Priary Use=4TNC, Execution=Y, DOB=05/09/2000, Apt No=3A, Alarm Type=5, Body Type=SUV (4CYL 4X2), Vehicle Make=JEEP, City=Richmond Hill, Is Day Lamp Enabled?=false, Own Or Lease=3, Test Case Name=Good Credit, Owend Duration=E, Suffix=III, Test Case No=, Vehicle Year=2022, Last Name=Kabir}](1)" classname="progresive.qa.test.auto.AutoTestHashMapDataProvider" time="37.527">
    <system-out><![CDATA[Reporting Started...
]]></system-out>
    <system-err><![CDATA[SLF4J: No SLF4J providers were found.
SLF4J: Defaulting to no-operation (NOP) logger implementation
SLF4J: See http://www.slf4j.org/codes.html#noProviders for further details.
ERROR StatusLogger Log4j2 could not find a logging implementation. Please add log4j-core to the classpath. Using SimpleLogger to log to the console...
Starting ChromeDriver 102.0.5005.61 (0e59bcc00cc4985ce39ad31c150065f159d95ad3-refs/branch-heads/5005@{#819}) on port 54726
Only local connections are allowed.
Please see https://chromedriver.chromium.org/security-considerations for suggestions on keeping ChromeDriver safe.
ChromeDriver was started successfully.
Jun 05, 2022 11:06:38 PM org.openqa.selenium.remote.ProtocolHandshake createSession
INFO: Detected dialect: W3C
Jun 05, 2022 11:06:38 PM org.openqa.selenium.devtools.CdpVersionFinder findNearestMatch
WARNING: Unable to find an exact match for CDP version 102, so returning the closest version found: 99
Jun 05, 2022 11:06:38 PM org.openqa.selenium.devtools.CdpVersionFinder findNearestMatch
INFO: Found CDP implementation for version 102 of 99
Jun 05, 2022 11:06:40 PM reporting.Loggers log
INFO: Element is Cliking : [[ChromeDriver: chrome on WINDOWS (07fd2414b64f39842a47115221327222)] -> xpath: (//p[contains(text(),'Auto')])[1]]
Jun 05, 2022 11:06:40 PM reporting.Loggers log
INFO: [[ChromeDriver: chrome on WINDOWS (07fd2414b64f39842a47115221327222)] -> tag name: h1] has text : Welcome to Progressive
Jun 05, 2022 11:06:40 PM reporting.Loggers log
INFO: Actual : Welcome to Progressive<<<>>>Expeted : Welcome to Progressive
Jun 05, 2022 11:06:40 PM reporting.Loggers log
INFO: Current URL is : https://www.progressive.com/home/home/#l
Jun 05, 2022 11:06:40 PM reporting.Loggers log
INFO: 11418 : value passed to element : [[ChromeDriver: chrome on WINDOWS (07fd2414b64f39842a47115221327222)] -> xpath: (//*[@name='ZipCode'])[1]]
Jun 05, 2022 11:06:40 PM reporting.Loggers log
INFO: Current URL is : https://www.progressive.com/home/home/#l
Jun 05, 2022 11:06:41 PM reporting.Loggers log
INFO: Element is Cliking : [[ChromeDriver: chrome on WINDOWS (07fd2414b64f39842a47115221327222)] -> xpath: (//input[@name='qsButton'])[1]]
Jun 05, 2022 11:06:47 PM reporting.Loggers log
INFO: Jahangir : value passed to element : [[ChromeDriver: chrome on WINDOWS (07fd2414b64f39842a47115221327222)] -> id: NameAndAddressEdit_embedded_questions_list_FirstName]
Jun 05, 2022 11:06:47 PM reporting.Loggers log
INFO: M : value passed to element : [[ChromeDriver: chrome on WINDOWS (07fd2414b64f39842a47115221327222)] -> id: NameAndAddressEdit_embedded_questions_list_MiddleInitial]
Jun 05, 2022 11:06:47 PM reporting.Loggers log
INFO: Kabir : value passed to element : [[ChromeDriver: chrome on WINDOWS (07fd2414b64f39842a47115221327222)] -> id: NameAndAddressEdit_embedded_questions_list_LastName]
Jun 05, 2022 11:06:48 PM reporting.Loggers log
INFO: Sleeping for : 0.5 seconds zZzz..
Jun 05, 2022 11:06:48 PM reporting.Loggers log
INFO: III : value has been selected from the element : [[ChromeDriver: chrome on WINDOWS (07fd2414b64f39842a47115221327222)] -> id: NameAndAddressEdit_embedded_questions_list_Suffix]
Jun 05, 2022 11:06:48 PM reporting.Loggers log
INFO: 05/09/2000 : value passed to element : [[ChromeDriver: chrome on WINDOWS (07fd2414b64f39842a47115221327222)] -> id: NameAndAddressEdit_embedded_questions_list_DateOfBirth]
Jun 05, 2022 11:06:48 PM reporting.Loggers log
INFO: 12312 Liberty Avenue : value passed to element : [[ChromeDriver: chrome on WINDOWS (07fd2414b64f39842a47115221327222)] -> id: NameAndAddressEdit_embedded_questions_list_MailingAddress]
Jun 05, 2022 11:06:48 PM reporting.Loggers log
INFO: 3A : value passed to element : [[ChromeDriver: chrome on WINDOWS (07fd2414b64f39842a47115221327222)] -> id: NameAndAddressEdit_embedded_questions_list_ApartmentUnit]
Jun 05, 2022 11:06:49 PM reporting.Loggers log
INFO: Richmond Hill : value passed to element : [[ChromeDriver: chrome on WINDOWS (07fd2414b64f39842a47115221327222)] -> id: NameAndAddressEdit_embedded_questions_list_City]
Jun 05, 2022 11:06:49 PM reporting.Loggers log
INFO: [[ChromeDriver: chrome on WINDOWS (07fd2414b64f39842a47115221327222)] -> tag name: checkbox-input] : is Not selected
Jun 05, 2022 11:06:49 PM reporting.Loggers log
INFO: Element is Cliking : [[ChromeDriver: chrome on WINDOWS (07fd2414b64f39842a47115221327222)] -> class name: blue]
Jun 05, 2022 11:06:49 PM reporting.Loggers log
INFO: By.xpath: (//div[contains(.,'Required to continue')])[4] : Element is Present
Jun 05, 2022 11:06:49 PM reporting.Loggers log
INFO: Current URL is : https://autoinsurance1.progressivedirect.com/0/UQA/Quote/NameAndAddressEdit
Jun 05, 2022 11:06:49 PM reporting.Loggers log
INFO: 12312 Liberty Avenue : value passed to element : [[ChromeDriver: chrome on WINDOWS (07fd2414b64f39842a47115221327222)] -> id: NameAndAddressEdit_embedded_questions_list_MailingAddress]
Jun 05, 2022 11:06:49 PM reporting.Loggers log
INFO: 3A : value passed to element : [[ChromeDriver: chrome on WINDOWS (07fd2414b64f39842a47115221327222)] -> id: NameAndAddressEdit_embedded_questions_list_ApartmentUnit]
Jun 05, 2022 11:06:59 PM reporting.Loggers log
INFO: By.xpath: (//div[contains(.,'Required to continue')])[5] : Element is Not Present
Jun 05, 2022 11:06:59 PM reporting.Loggers log
INFO: Current URL is : https://autoinsurance1.progressivedirect.com/0/UQA/Quote/NameAndAddressEdit
Jun 05, 2022 11:07:00 PM reporting.Loggers log
INFO: Element is Cliking : [[ChromeDriver: chrome on WINDOWS (07fd2414b64f39842a47115221327222)] -> class name: blue]
Jun 05, 2022 11:07:00 PM reporting.Loggers log
INFO: Sleeping for : 0.5 seconds zZzz..
Jun 05, 2022 11:07:02 PM reporting.Loggers log
INFO: 2022 : value has been selected from the element : [[ChromeDriver: chrome on WINDOWS (07fd2414b64f39842a47115221327222)] -> id: VehiclesNew_embedded_questions_list_Year]
Jun 05, 2022 11:07:02 PM reporting.Loggers log
INFO: Sleeping for : 0.5 seconds zZzz..
Jun 05, 2022 11:07:02 PM reporting.Loggers log
INFO: JEEP : value has been selected from the element : [[ChromeDriver: chrome on WINDOWS (07fd2414b64f39842a47115221327222)] -> id: VehiclesNew_embedded_questions_list_Make]
Jun 05, 2022 11:07:03 PM reporting.Loggers log
INFO: Sleeping for : 0.5 seconds zZzz..
Jun 05, 2022 11:07:03 PM reporting.Loggers log
INFO: CHEROKEE : value has been selected from the element : [[ChromeDriver: chrome on WINDOWS (07fd2414b64f39842a47115221327222)] -> id: VehiclesNew_embedded_questions_list_Model]
Jun 05, 2022 11:07:04 PM reporting.Loggers log
INFO: Sleeping for : 0.5 seconds zZzz..
Jun 05, 2022 11:07:04 PM reporting.Loggers log
INFO: SUV (4CYL 4X2) : value has been selected from the element : [[ChromeDriver: chrome on WINDOWS (07fd2414b64f39842a47115221327222)] -> id: VehiclesNew_embedded_questions_list_BodyStyle]
Jun 05, 2022 11:07:04 PM reporting.Loggers log
INFO: Sleeping for : 0.5 seconds zZzz..
Jun 05, 2022 11:07:04 PM reporting.Loggers log
INFO: 4TNC : value has been selected from the element : [[ChromeDriver: chrome on WINDOWS (07fd2414b64f39842a47115221327222)] -> id: VehiclesNew_embedded_questions_list_VehicleUse]
Jun 05, 2022 11:07:04 PM reporting.Loggers log
INFO: [[ChromeDriver: chrome on WINDOWS (07fd2414b64f39842a47115221327222)] -> tag name: checkbox-input] : is Not selected
Jun 05, 2022 11:07:05 PM reporting.Loggers log
INFO: Sleeping for : 0.5 seconds zZzz..
Jun 05, 2022 11:07:05 PM reporting.Loggers log
INFO: 3 : value has been selected from the element : [[ChromeDriver: chrome on WINDOWS (07fd2414b64f39842a47115221327222)] -> id: VehiclesNew_embedded_questions_list_OwnOrLease]
Jun 05, 2022 11:07:06 PM reporting.Loggers log
INFO: Sleeping for : 0.5 seconds zZzz..
Jun 05, 2022 11:07:06 PM reporting.Loggers log
INFO: E : value has been selected from the element : [[ChromeDriver: chrome on WINDOWS (07fd2414b64f39842a47115221327222)] -> id: VehiclesNew_embedded_questions_list_LengthOfOwnership]
Jun 05, 2022 11:07:06 PM reporting.Loggers log
INFO: Sleeping for : 0.5 seconds zZzz..
Jun 05, 2022 11:07:06 PM reporting.Loggers log
INFO: 5 : value has been selected from the element : [[ChromeDriver: chrome on WINDOWS (07fd2414b64f39842a47115221327222)] -> id: VehiclesNew_embedded_questions_list_AntitheftDevice]
Jun 05, 2022 11:07:17 PM reporting.Loggers log
INFO: Element is Cliking : Proxy element for: DefaultElementLocator 'By.xpath: //button[text()='Done']'
Jun 05, 2022 11:07:18 PM reporting.Loggers log
INFO: Element is Cliking : [[ChromeDriver: chrome on WINDOWS (07fd2414b64f39842a47115221327222)] -> xpath: //button[text()='Continue']]
]]></system-err>
  </testcase>
  <testcase name="autoTest[{Zip=11423, Is Ride Share?=false, Is Daytime Lamp=false, Address=10089 200th St, First Name=Jack, Middle Name=N, Vehicle Model=230, P.O.Box=false, Priary Use=4TNC, Execution=Y, DOB=01/03/1977, Apt No=5C, Alarm Type=5, Body Type=, Vehicle Make=BMW, City=Hollis, Is Day Lamp Enabled?=false, Own Or Lease=3, Test Case Name=Good Credit with Violation, Owend Duration=E, Suffix=II, Test Case No=, Vehicle Year=2022, Last Name=Jill}](2)" classname="progresive.qa.test.auto.AutoTestHashMapDataProvider" time="26.246">
    <system-err><![CDATA[Starting ChromeDriver 102.0.5005.61 (0e59bcc00cc4985ce39ad31c150065f159d95ad3-refs/branch-heads/5005@{#819}) on port 51671
Only local connections are allowed.
Please see https://chromedriver.chromium.org/security-considerations for suggestions on keeping ChromeDriver safe.
ChromeDriver was started successfully.
Jun 05, 2022 11:07:20 PM org.openqa.selenium.remote.ProtocolHandshake createSession
INFO: Detected dialect: W3C
Jun 05, 2022 11:07:20 PM org.openqa.selenium.devtools.CdpVersionFinder findNearestMatch
WARNING: Unable to find an exact match for CDP version 102, so returning the closest version found: 99
Jun 05, 2022 11:07:20 PM org.openqa.selenium.devtools.CdpVersionFinder findNearestMatch
INFO: Found CDP implementation for version 102 of 99
Jun 05, 2022 11:07:23 PM reporting.Loggers log
INFO: Element is Cliking : [[ChromeDriver: chrome on WINDOWS (72717d60ffa33e5d2d37bc3de7305409)] -> xpath: (//p[contains(text(),'Auto')])[1]]
Jun 05, 2022 11:07:23 PM reporting.Loggers log
INFO: [[ChromeDriver: chrome on WINDOWS (72717d60ffa33e5d2d37bc3de7305409)] -> tag name: h1] has text : Spring showers bring big savings
Jun 05, 2022 11:07:23 PM reporting.Loggers log
INFO: Actual : Spring showers bring big savings<<<>>>Expeted : Spring showers bring big savings
Jun 05, 2022 11:07:23 PM reporting.Loggers log
INFO: Current URL is : https://www.progressive.com/#s
Jun 05, 2022 11:07:23 PM reporting.Loggers log
INFO: 11423 : value passed to element : [[ChromeDriver: chrome on WINDOWS (72717d60ffa33e5d2d37bc3de7305409)] -> id: zipCode_overlay_subproducts]
Jun 05, 2022 11:07:23 PM reporting.Loggers log
INFO: Current URL is : https://www.progressive.com/#s
Jun 05, 2022 11:07:23 PM reporting.Loggers log
INFO: Element is Cliking : [[ChromeDriver: chrome on WINDOWS (72717d60ffa33e5d2d37bc3de7305409)] -> id: qsButton_overlay_subproducts]
Jun 05, 2022 11:07:28 PM reporting.Loggers log
INFO: Jack : value passed to element : [[ChromeDriver: chrome on WINDOWS (72717d60ffa33e5d2d37bc3de7305409)] -> id: NameAndAddressEdit_embedded_questions_list_FirstName]
Jun 05, 2022 11:07:28 PM reporting.Loggers log
INFO: N : value passed to element : [[ChromeDriver: chrome on WINDOWS (72717d60ffa33e5d2d37bc3de7305409)] -> id: NameAndAddressEdit_embedded_questions_list_MiddleInitial]
Jun 05, 2022 11:07:28 PM reporting.Loggers log
INFO: Jill : value passed to element : [[ChromeDriver: chrome on WINDOWS (72717d60ffa33e5d2d37bc3de7305409)] -> id: NameAndAddressEdit_embedded_questions_list_LastName]
Jun 05, 2022 11:07:29 PM reporting.Loggers log
INFO: Sleeping for : 0.5 seconds zZzz..
Jun 05, 2022 11:07:29 PM reporting.Loggers log
INFO: II : value has been selected from the element : [[ChromeDriver: chrome on WINDOWS (72717d60ffa33e5d2d37bc3de7305409)] -> id: NameAndAddressEdit_embedded_questions_list_Suffix]
Jun 05, 2022 11:07:29 PM reporting.Loggers log
INFO: 01/03/1977 : value passed to element : [[ChromeDriver: chrome on WINDOWS (72717d60ffa33e5d2d37bc3de7305409)] -> id: NameAndAddressEdit_embedded_questions_list_DateOfBirth]
Jun 05, 2022 11:07:29 PM reporting.Loggers log
INFO: 10089 200th St : value passed to element : [[ChromeDriver: chrome on WINDOWS (72717d60ffa33e5d2d37bc3de7305409)] -> id: NameAndAddressEdit_embedded_questions_list_MailingAddress]
Jun 05, 2022 11:07:30 PM reporting.Loggers log
INFO: 5C : value passed to element : [[ChromeDriver: chrome on WINDOWS (72717d60ffa33e5d2d37bc3de7305409)] -> id: NameAndAddressEdit_embedded_questions_list_ApartmentUnit]
Jun 05, 2022 11:07:30 PM reporting.Loggers log
INFO: Hollis : value passed to element : [[ChromeDriver: chrome on WINDOWS (72717d60ffa33e5d2d37bc3de7305409)] -> id: NameAndAddressEdit_embedded_questions_list_City]
Jun 05, 2022 11:07:30 PM reporting.Loggers log
INFO: [[ChromeDriver: chrome on WINDOWS (72717d60ffa33e5d2d37bc3de7305409)] -> tag name: checkbox-input] : is Not selected
Jun 05, 2022 11:07:30 PM reporting.Loggers log
INFO: Element is Cliking : [[ChromeDriver: chrome on WINDOWS (72717d60ffa33e5d2d37bc3de7305409)] -> class name: blue]
Jun 05, 2022 11:07:30 PM reporting.Loggers log
INFO: By.xpath: (//div[contains(.,'Required to continue')])[4] : Element is Present
Jun 05, 2022 11:07:30 PM reporting.Loggers log
INFO: Current URL is : https://autoinsurance1.progressivedirect.com/0/UQA/Quote/NameAndAddressEdit
Jun 05, 2022 11:07:30 PM reporting.Loggers log
INFO: 10089 200th St : value passed to element : [[ChromeDriver: chrome on WINDOWS (72717d60ffa33e5d2d37bc3de7305409)] -> id: NameAndAddressEdit_embedded_questions_list_MailingAddress]
Jun 05, 2022 11:07:31 PM reporting.Loggers log
INFO: 5C : value passed to element : [[ChromeDriver: chrome on WINDOWS (72717d60ffa33e5d2d37bc3de7305409)] -> id: NameAndAddressEdit_embedded_questions_list_ApartmentUnit]
Jun 05, 2022 11:07:31 PM reporting.Loggers log
INFO: By.xpath: (//div[contains(.,'Required to continue')])[5] : Element is Present
Jun 05, 2022 11:07:31 PM reporting.Loggers log
INFO: Hollis : value passed to element : [[ChromeDriver: chrome on WINDOWS (72717d60ffa33e5d2d37bc3de7305409)] -> id: NameAndAddressEdit_embedded_questions_list_City]
Jun 05, 2022 11:07:31 PM reporting.Loggers log
INFO: Current URL is : https://autoinsurance1.progressivedirect.com/0/UQA/Quote/NameAndAddressEdit
Jun 05, 2022 11:07:31 PM reporting.Loggers log
INFO: Element is Cliking : [[ChromeDriver: chrome on WINDOWS (72717d60ffa33e5d2d37bc3de7305409)] -> class name: blue]
Jun 05, 2022 11:07:31 PM reporting.Loggers log
INFO: Sleeping for : 0.5 seconds zZzz..
Jun 05, 2022 11:07:33 PM reporting.Loggers log
INFO: 2022 : value has been selected from the element : [[ChromeDriver: chrome on WINDOWS (72717d60ffa33e5d2d37bc3de7305409)] -> id: VehiclesNew_embedded_questions_list_Year]
Jun 05, 2022 11:07:34 PM reporting.Loggers log
INFO: Sleeping for : 0.5 seconds zZzz..
Jun 05, 2022 11:07:34 PM reporting.Loggers log
INFO: BMW : value has been selected from the element : [[ChromeDriver: chrome on WINDOWS (72717d60ffa33e5d2d37bc3de7305409)] -> id: VehiclesNew_embedded_questions_list_Make]
Jun 05, 2022 11:07:34 PM reporting.Loggers log
INFO: Sleeping for : 0.5 seconds zZzz..
Jun 05, 2022 11:07:35 PM reporting.Loggers log
INFO: 230 : value has been selected from the element : [[ChromeDriver: chrome on WINDOWS (72717d60ffa33e5d2d37bc3de7305409)] -> id: VehiclesNew_embedded_questions_list_Model]
Jun 05, 2022 11:07:35 PM reporting.Loggers log
INFO: Sleeping for : 0.5 seconds zZzz..
Jun 05, 2022 11:07:35 PM reporting.Loggers log
INFO: 4TNC : value has been selected from the element : [[ChromeDriver: chrome on WINDOWS (72717d60ffa33e5d2d37bc3de7305409)] -> id: VehiclesNew_embedded_questions_list_VehicleUse]
Jun 05, 2022 11:07:35 PM reporting.Loggers log
INFO: [[ChromeDriver: chrome on WINDOWS (72717d60ffa33e5d2d37bc3de7305409)] -> tag name: checkbox-input] : is Not selected
Jun 05, 2022 11:07:36 PM reporting.Loggers log
INFO: Sleeping for : 0.5 seconds zZzz..
Jun 05, 2022 11:07:36 PM reporting.Loggers log
INFO: 3 : value has been selected from the element : [[ChromeDriver: chrome on WINDOWS (72717d60ffa33e5d2d37bc3de7305409)] -> id: VehiclesNew_embedded_questions_list_OwnOrLease]
Jun 05, 2022 11:07:37 PM reporting.Loggers log
INFO: Sleeping for : 0.5 seconds zZzz..
Jun 05, 2022 11:07:37 PM reporting.Loggers log
INFO: E : value has been selected from the element : [[ChromeDriver: chrome on WINDOWS (72717d60ffa33e5d2d37bc3de7305409)] -> id: VehiclesNew_embedded_questions_list_LengthOfOwnership]
Jun 05, 2022 11:07:37 PM reporting.Loggers log
INFO: Sleeping for : 0.5 seconds zZzz..
Jun 05, 2022 11:07:37 PM reporting.Loggers log
INFO: 5 : value has been selected from the element : [[ChromeDriver: chrome on WINDOWS (72717d60ffa33e5d2d37bc3de7305409)] -> id: VehiclesNew_embedded_questions_list_AntitheftDevice]
Jun 05, 2022 11:07:48 PM reporting.Loggers log
INFO: Element is Cliking : Proxy element for: DefaultElementLocator 'By.xpath: //button[text()='Done']'
Jun 05, 2022 11:07:49 PM reporting.Loggers log
INFO: Element is Cliking : [[ChromeDriver: chrome on WINDOWS (72717d60ffa33e5d2d37bc3de7305409)] -> xpath: //button[text()='Continue']]
]]></system-err>
  </testcase>
</testsuite>