<?xml version="1.0" encoding="UTF-8"?>
<!-- Generated by org.testng.reporters.JUnitReportReporter -->
<testsuite skipped="0" hostname="Nas" name="progresive.qa.test.auto.AutoTestExcelDataProvider" tests="3" failures="0" timestamp="2022-05-22T23:19:00 EDT" time="106.015" errors="0">
  <testcase name="autoTest" time="40.144" classname="progresive.qa.test.auto.AutoTestExcelDataProvider"/>
  <system-out>
    <![CDATA[Element is Cliking : [[ChromeDriver: chrome on WINDOWS (10829df5eba4a2b3d8e94349b4b3c15e)] -> xpath: (//p[contains(text(),'Auto')])[1]]<br>
[[ChromeDriver: chrome on WINDOWS (10829df5eba4a2b3d8e94349b4b3c15e)] -> tag name: h1] has text : Savings are in full bloom<br>
Actual : Savings are in full bloom<<<>>>Expeted : Savings are in full bloom<br>
Current URL is : https://www.progressive.com/#s<br>
11423 : value passed to element : [[ChromeDriver: chrome on WINDOWS (10829df5eba4a2b3d8e94349b4b3c15e)] -> id: zipCode_overlay_subproducts]<br>
Current URL is : https://www.progressive.com/#s<br>
Element is Cliking : [[ChromeDriver: chrome on WINDOWS (10829df5eba4a2b3d8e94349b4b3c15e)] -> id: qsButton_overlay_subproducts]<br>
Jack : value passed to element : [[ChromeDriver: chrome on WINDOWS (10829df5eba4a2b3d8e94349b4b3c15e)] -> id: NameAndAddressEdit_embedded_questions_list_FirstName]<br>
N : value passed to element : [[ChromeDriver: chrome on WINDOWS (10829df5eba4a2b3d8e94349b4b3c15e)] -> id: NameAndAddressEdit_embedded_questions_list_MiddleInitial]<br>
Jill : value passed to element : [[ChromeDriver: chrome on WINDOWS (10829df5eba4a2b3d8e94349b4b3c15e)] -> id: NameAndAddressEdit_embedded_questions_list_LastName]<br>
Sleeping for : 0.5 seconds zZzz..<br>
II : value has been selected from the element : [[ChromeDriver: chrome on WINDOWS (10829df5eba4a2b3d8e94349b4b3c15e)] -> id: NameAndAddressEdit_embedded_questions_list_Suffix]<br>
01/03/1977 : value passed to element : [[ChromeDriver: chrome on WINDOWS (10829df5eba4a2b3d8e94349b4b3c15e)] -> id: NameAndAddressEdit_embedded_questions_list_DateOfBirth]<br>
10089 200th St : value passed to element : [[ChromeDriver: chrome on WINDOWS (10829df5eba4a2b3d8e94349b4b3c15e)] -> id: NameAndAddressEdit_embedded_questions_list_MailingAddress]<br>
5C : value passed to element : [[ChromeDriver: chrome on WINDOWS (10829df5eba4a2b3d8e94349b4b3c15e)] -> id: NameAndAddressEdit_embedded_questions_list_ApartmentUnit]<br>
Hollis : value passed to element : [[ChromeDriver: chrome on WINDOWS (10829df5eba4a2b3d8e94349b4b3c15e)] -> id: NameAndAddressEdit_embedded_questions_list_City]<br>
[[ChromeDriver: chrome on WINDOWS (10829df5eba4a2b3d8e94349b4b3c15e)] -> tag name: checkbox-input] : is Not selected<br>
Element is Cliking : [[ChromeDriver: chrome on WINDOWS (10829df5eba4a2b3d8e94349b4b3c15e)] -> class name: blue]<br>
By.xpath: (//div[contains(.,'Required to continue')])[4] : Element is Present<br>
Current URL is : https://autoinsurance1.progressivedirect.com/0/UQA/Quote/NameAndAddressEdit<br>
10089 200th St : value passed to element : [[ChromeDriver: chrome on WINDOWS (10829df5eba4a2b3d8e94349b4b3c15e)] -> id: NameAndAddressEdit_embedded_questions_list_MailingAddress]<br>
5C : value passed to element : [[ChromeDriver: chrome on WINDOWS (10829df5eba4a2b3d8e94349b4b3c15e)] -> id: NameAndAddressEdit_embedded_questions_list_ApartmentUnit]<br>
By.xpath: (//div[contains(.,'Required to continue')])[5] : Element is Not Present<br>
Current URL is : https://autoinsurance1.progressivedirect.com/0/UQA/Quote/NameAndAddressEdit<br>
Element is Cliking : [[ChromeDriver: chrome on WINDOWS (10829df5eba4a2b3d8e94349b4b3c15e)] -> class name: blue]<br>
Sleeping for : 0.5 seconds zZzz..<br>
2022 : value has been selected from the element : [[ChromeDriver: chrome on WINDOWS (10829df5eba4a2b3d8e94349b4b3c15e)] -> id: VehiclesNew_embedded_questions_list_Year]<br>
Sleeping for : 0.5 seconds zZzz..<br>
BMW : value has been selected from the element : [[ChromeDriver: chrome on WINDOWS (10829df5eba4a2b3d8e94349b4b3c15e)] -> id: VehiclesNew_embedded_questions_list_Make]<br>
Sleeping for : 0.5 seconds zZzz..<br>
230 : value has been selected from the element : [[ChromeDriver: chrome on WINDOWS (10829df5eba4a2b3d8e94349b4b3c15e)] -> id: VehiclesNew_embedded_questions_list_Model]<br>
Sleeping for : 0.5 seconds zZzz..<br>
4TNC : value has been selected from the element : [[ChromeDriver: chrome on WINDOWS (10829df5eba4a2b3d8e94349b4b3c15e)] -> id: VehiclesNew_embedded_questions_list_VehicleUse]<br>
[[ChromeDriver: chrome on WINDOWS (10829df5eba4a2b3d8e94349b4b3c15e)] -> tag name: checkbox-input] : is Not selected<br>
Sleeping for : 0.5 seconds zZzz..<br>
3 : value has been selected from the element : [[ChromeDriver: chrome on WINDOWS (10829df5eba4a2b3d8e94349b4b3c15e)] -> id: VehiclesNew_embedded_questions_list_OwnOrLease]<br>
Sleeping for : 0.5 seconds zZzz..<br>
E : value has been selected from the element : [[ChromeDriver: chrome on WINDOWS (10829df5eba4a2b3d8e94349b4b3c15e)] -> id: VehiclesNew_embedded_questions_list_LengthOfOwnership]<br>
Sleeping for : 0.5 seconds zZzz..<br>
5 : value has been selected from the element : [[ChromeDriver: chrome on WINDOWS (10829df5eba4a2b3d8e94349b4b3c15e)] -> id: VehiclesNew_embedded_questions_list_AntitheftDevice]<br>
Element is Cliking : Proxy element for: DefaultElementLocator 'By.xpath: //button[text()='Done']'<br>
Element is Cliking : [[ChromeDriver: chrome on WINDOWS (10829df5eba4a2b3d8e94349b4b3c15e)] -> xpath: //button[text()='Continue']]<br>]]>
  </system-out>
  <testcase name="autoTest" time="33.409" classname="progresive.qa.test.auto.AutoTestExcelDataProvider"/>
  <system-out>
    <![CDATA[Element is Cliking : [[ChromeDriver: chrome on WINDOWS (4121aa589ba5fb6cc5d37d0a4b7a0e56)] -> xpath: (//p[contains(text(),'Auto')])[1]]<br>
[[ChromeDriver: chrome on WINDOWS (4121aa589ba5fb6cc5d37d0a4b7a0e56)] -> tag name: h1] has text : Springtime savings are here<br>
Actual : Springtime savings are here<<<>>>Expeted : Springtime savings are here<br>
Current URL is : https://www.progressive.com/#s<br>
11372 : value passed to element : [[ChromeDriver: chrome on WINDOWS (4121aa589ba5fb6cc5d37d0a4b7a0e56)] -> id: zipCode_overlay_subproducts]<br>
Current URL is : https://www.progressive.com/#s<br>
Element is Cliking : [[ChromeDriver: chrome on WINDOWS (4121aa589ba5fb6cc5d37d0a4b7a0e56)] -> id: qsButton_overlay_subproducts]<br>
Michel : value passed to element : [[ChromeDriver: chrome on WINDOWS (4121aa589ba5fb6cc5d37d0a4b7a0e56)] -> id: NameAndAddressEdit_embedded_questions_list_FirstName]<br>
L : value passed to element : [[ChromeDriver: chrome on WINDOWS (4121aa589ba5fb6cc5d37d0a4b7a0e56)] -> id: NameAndAddressEdit_embedded_questions_list_MiddleInitial]<br>
Hussy : value passed to element : [[ChromeDriver: chrome on WINDOWS (4121aa589ba5fb6cc5d37d0a4b7a0e56)] -> id: NameAndAddressEdit_embedded_questions_list_LastName]<br>
Sleeping for : 0.5 seconds zZzz..<br>
I : value has been selected from the element : [[ChromeDriver: chrome on WINDOWS (4121aa589ba5fb6cc5d37d0a4b7a0e56)] -> id: NameAndAddressEdit_embedded_questions_list_Suffix]<br>
11/11/2001 : value passed to element : [[ChromeDriver: chrome on WINDOWS (4121aa589ba5fb6cc5d37d0a4b7a0e56)] -> id: NameAndAddressEdit_embedded_questions_list_DateOfBirth]<br>
3439 74th St : value passed to element : [[ChromeDriver: chrome on WINDOWS (4121aa589ba5fb6cc5d37d0a4b7a0e56)] -> id: NameAndAddressEdit_embedded_questions_list_MailingAddress]<br>
2D : value passed to element : [[ChromeDriver: chrome on WINDOWS (4121aa589ba5fb6cc5d37d0a4b7a0e56)] -> id: NameAndAddressEdit_embedded_questions_list_ApartmentUnit]<br>
JacksonHeights : value passed to element : [[ChromeDriver: chrome on WINDOWS (4121aa589ba5fb6cc5d37d0a4b7a0e56)] -> id: NameAndAddressEdit_embedded_questions_list_City]<br>
[[ChromeDriver: chrome on WINDOWS (4121aa589ba5fb6cc5d37d0a4b7a0e56)] -> tag name: checkbox-input] : is Not selected<br>
Element is Cliking : [[ChromeDriver: chrome on WINDOWS (4121aa589ba5fb6cc5d37d0a4b7a0e56)] -> class name: blue]<br>
By.xpath: (//div[contains(.,'Required to continue')])[4] : Element is Present<br>
Current URL is : https://autoinsurance1.progressivedirect.com/0/UQA/Quote/NameAndAddressEdit<br>
3439 74th St : value passed to element : [[ChromeDriver: chrome on WINDOWS (4121aa589ba5fb6cc5d37d0a4b7a0e56)] -> id: NameAndAddressEdit_embedded_questions_list_MailingAddress]<br>
2D : value passed to element : [[ChromeDriver: chrome on WINDOWS (4121aa589ba5fb6cc5d37d0a4b7a0e56)] -> id: NameAndAddressEdit_embedded_questions_list_ApartmentUnit]<br>
By.xpath: (//div[contains(.,'Required to continue')])[5] : Element is Present<br>
JacksonHeights : value passed to element : [[ChromeDriver: chrome on WINDOWS (4121aa589ba5fb6cc5d37d0a4b7a0e56)] -> id: NameAndAddressEdit_embedded_questions_list_City]<br>
Current URL is : https://autoinsurance1.progressivedirect.com/0/UQA/Quote/NameAndAddressEdit<br>
Element is Cliking : [[ChromeDriver: chrome on WINDOWS (4121aa589ba5fb6cc5d37d0a4b7a0e56)] -> class name: blue]<br>
Sleeping for : 0.5 seconds zZzz..<br>
2022 : value has been selected from the element : [[ChromeDriver: chrome on WINDOWS (4121aa589ba5fb6cc5d37d0a4b7a0e56)] -> id: VehiclesNew_embedded_questions_list_Year]<br>
Sleeping for : 0.5 seconds zZzz..<br>
JEEP : value has been selected from the element : [[ChromeDriver: chrome on WINDOWS (4121aa589ba5fb6cc5d37d0a4b7a0e56)] -> id: VehiclesNew_embedded_questions_list_Make]<br>
Sleeping for : 0.5 seconds zZzz..<br>
CHEROKEE : value has been selected from the element : [[ChromeDriver: chrome on WINDOWS (4121aa589ba5fb6cc5d37d0a4b7a0e56)] -> id: VehiclesNew_embedded_questions_list_Model]<br>
Sleeping for : 0.5 seconds zZzz..<br>
SUV (4CYL 4X2) : value has been selected from the element : [[ChromeDriver: chrome on WINDOWS (4121aa589ba5fb6cc5d37d0a4b7a0e56)] -> id: VehiclesNew_embedded_questions_list_BodyStyle]<br>
Sleeping for : 0.5 seconds zZzz..<br>
4TNC : value has been selected from the element : [[ChromeDriver: chrome on WINDOWS (4121aa589ba5fb6cc5d37d0a4b7a0e56)] -> id: VehiclesNew_embedded_questions_list_VehicleUse]<br>
[[ChromeDriver: chrome on WINDOWS (4121aa589ba5fb6cc5d37d0a4b7a0e56)] -> tag name: checkbox-input] : is Not selected<br>
Sleeping for : 0.5 seconds zZzz..<br>
3 : value has been selected from the element : [[ChromeDriver: chrome on WINDOWS (4121aa589ba5fb6cc5d37d0a4b7a0e56)] -> id: VehiclesNew_embedded_questions_list_OwnOrLease]<br>
Sleeping for : 0.5 seconds zZzz..<br>
E : value has been selected from the element : [[ChromeDriver: chrome on WINDOWS (4121aa589ba5fb6cc5d37d0a4b7a0e56)] -> id: VehiclesNew_embedded_questions_list_LengthOfOwnership]<br>
Sleeping for : 0.5 seconds zZzz..<br>
5 : value has been selected from the element : [[ChromeDriver: chrome on WINDOWS (4121aa589ba5fb6cc5d37d0a4b7a0e56)] -> id: VehiclesNew_embedded_questions_list_AntitheftDevice]<br>
Element is Cliking : Proxy element for: DefaultElementLocator 'By.xpath: //button[text()='Done']'<br>
Element is Cliking : [[ChromeDriver: chrome on WINDOWS (4121aa589ba5fb6cc5d37d0a4b7a0e56)] -> xpath: //button[text()='Continue']]<br>]]>
  </system-out>
  <testcase name="autoTest" time="32.462" classname="progresive.qa.test.auto.AutoTestExcelDataProvider"/>
  <system-out>
    <![CDATA[Element is Cliking : [[ChromeDriver: chrome on WINDOWS (9c6d2d70cf2dacbe36f152b4afa973f2)] -> xpath: (//p[contains(text(),'Auto')])[1]]<br>
[[ChromeDriver: chrome on WINDOWS (9c6d2d70cf2dacbe36f152b4afa973f2)] -> tag name: h1] has text : Springtime savings are here<br>
Actual : Springtime savings are here<<<>>>Expeted : Springtime savings are here<br>
Current URL is : https://www.progressive.com/#l<br>
11418 : value passed to element : [[ChromeDriver: chrome on WINDOWS (9c6d2d70cf2dacbe36f152b4afa973f2)] -> xpath: (//*[@name='ZipCode'])[1]]<br>
Current URL is : https://www.progressive.com/#l<br>
Element is Cliking : [[ChromeDriver: chrome on WINDOWS (9c6d2d70cf2dacbe36f152b4afa973f2)] -> xpath: (//input[@name='qsButton'])[1]]<br>
Jahangir : value passed to element : [[ChromeDriver: chrome on WINDOWS (9c6d2d70cf2dacbe36f152b4afa973f2)] -> id: NameAndAddressEdit_embedded_questions_list_FirstName]<br>
M : value passed to element : [[ChromeDriver: chrome on WINDOWS (9c6d2d70cf2dacbe36f152b4afa973f2)] -> id: NameAndAddressEdit_embedded_questions_list_MiddleInitial]<br>
Kabir : value passed to element : [[ChromeDriver: chrome on WINDOWS (9c6d2d70cf2dacbe36f152b4afa973f2)] -> id: NameAndAddressEdit_embedded_questions_list_LastName]<br>
Sleeping for : 0.5 seconds zZzz..<br>
III : value has been selected from the element : [[ChromeDriver: chrome on WINDOWS (9c6d2d70cf2dacbe36f152b4afa973f2)] -> id: NameAndAddressEdit_embedded_questions_list_Suffix]<br>
05/09/2000 : value passed to element : [[ChromeDriver: chrome on WINDOWS (9c6d2d70cf2dacbe36f152b4afa973f2)] -> id: NameAndAddressEdit_embedded_questions_list_DateOfBirth]<br>
12312 Liberty Avenue : value passed to element : [[ChromeDriver: chrome on WINDOWS (9c6d2d70cf2dacbe36f152b4afa973f2)] -> id: NameAndAddressEdit_embedded_questions_list_MailingAddress]<br>
3A : value passed to element : [[ChromeDriver: chrome on WINDOWS (9c6d2d70cf2dacbe36f152b4afa973f2)] -> id: NameAndAddressEdit_embedded_questions_list_ApartmentUnit]<br>
Richmond Hill : value passed to element : [[ChromeDriver: chrome on WINDOWS (9c6d2d70cf2dacbe36f152b4afa973f2)] -> id: NameAndAddressEdit_embedded_questions_list_City]<br>
[[ChromeDriver: chrome on WINDOWS (9c6d2d70cf2dacbe36f152b4afa973f2)] -> tag name: checkbox-input] : is Not selected<br>
Element is Cliking : [[ChromeDriver: chrome on WINDOWS (9c6d2d70cf2dacbe36f152b4afa973f2)] -> class name: blue]<br>
By.xpath: (//div[contains(.,'Required to continue')])[4] : Element is Present<br>
Current URL is : https://autoinsurance1.progressivedirect.com/0/UQA/Quote/NameAndAddressEdit<br>
12312 Liberty Avenue : value passed to element : [[ChromeDriver: chrome on WINDOWS (9c6d2d70cf2dacbe36f152b4afa973f2)] -> id: NameAndAddressEdit_embedded_questions_list_MailingAddress]<br>
3A : value passed to element : [[ChromeDriver: chrome on WINDOWS (9c6d2d70cf2dacbe36f152b4afa973f2)] -> id: NameAndAddressEdit_embedded_questions_list_ApartmentUnit]<br>
By.xpath: (//div[contains(.,'Required to continue')])[5] : Element is Present<br>
Richmond Hill : value passed to element : [[ChromeDriver: chrome on WINDOWS (9c6d2d70cf2dacbe36f152b4afa973f2)] -> id: NameAndAddressEdit_embedded_questions_list_City]<br>
Current URL is : https://autoinsurance1.progressivedirect.com/0/UQA/Quote/NameAndAddressEdit<br>
Element is Cliking : [[ChromeDriver: chrome on WINDOWS (9c6d2d70cf2dacbe36f152b4afa973f2)] -> class name: blue]<br>
Sleeping for : 0.5 seconds zZzz..<br>
2022 : value has been selected from the element : [[ChromeDriver: chrome on WINDOWS (9c6d2d70cf2dacbe36f152b4afa973f2)] -> id: VehiclesNew_embedded_questions_list_Year]<br>
Sleeping for : 0.5 seconds zZzz..<br>
JEEP : value has been selected from the element : [[ChromeDriver: chrome on WINDOWS (9c6d2d70cf2dacbe36f152b4afa973f2)] -> id: VehiclesNew_embedded_questions_list_Make]<br>
Sleeping for : 0.5 seconds zZzz..<br>
CHEROKEE : value has been selected from the element : [[ChromeDriver: chrome on WINDOWS (9c6d2d70cf2dacbe36f152b4afa973f2)] -> id: VehiclesNew_embedded_questions_list_Model]<br>
Sleeping for : 0.5 seconds zZzz..<br>
SUV (4CYL 4X2) : value has been selected from the element : [[ChromeDriver: chrome on WINDOWS (9c6d2d70cf2dacbe36f152b4afa973f2)] -> id: VehiclesNew_embedded_questions_list_BodyStyle]<br>
Sleeping for : 0.5 seconds zZzz..<br>
4TNC : value has been selected from the element : [[ChromeDriver: chrome on WINDOWS (9c6d2d70cf2dacbe36f152b4afa973f2)] -> id: VehiclesNew_embedded_questions_list_VehicleUse]<br>
[[ChromeDriver: chrome on WINDOWS (9c6d2d70cf2dacbe36f152b4afa973f2)] -> tag name: checkbox-input] : is Not selected<br>
Sleeping for : 0.5 seconds zZzz..<br>
3 : value has been selected from the element : [[ChromeDriver: chrome on WINDOWS (9c6d2d70cf2dacbe36f152b4afa973f2)] -> id: VehiclesNew_embedded_questions_list_OwnOrLease]<br>
Sleeping for : 0.5 seconds zZzz..<br>
E : value has been selected from the element : [[ChromeDriver: chrome on WINDOWS (9c6d2d70cf2dacbe36f152b4afa973f2)] -> id: VehiclesNew_embedded_questions_list_LengthOfOwnership]<br>
Sleeping for : 0.5 seconds zZzz..<br>
5 : value has been selected from the element : [[ChromeDriver: chrome on WINDOWS (9c6d2d70cf2dacbe36f152b4afa973f2)] -> id: VehiclesNew_embedded_questions_list_AntitheftDevice]<br>
Element is Cliking : Proxy element for: DefaultElementLocator 'By.xpath: //button[text()='Done']'<br>
Element is Cliking : [[ChromeDriver: chrome on WINDOWS (9c6d2d70cf2dacbe36f152b4afa973f2)] -> xpath: //button[text()='Continue']]<br>]]>
  </system-out>
</testsuite> <!-- progresive.qa.test.auto.AutoTestExcelDataProvider -->
