<?xml version="1.0" encoding="UTF-8"?>
<!-- Generated by org.testng.reporters.JUnitReportReporter -->
<testsuite skipped="0" hostname="Nas" name="testPackage.TestAmazonMusic" tests="1" failures="0" timestamp="2022-05-04T22:02:19 EDT" time="9.148" errors="0">
  <testcase name="aTestMethod" time="9.148" classname="testPackage.TestAmazonMusic"/>
  <system-out/>
</testsuite> <!-- testPackage.TestAmazonMusic -->
