<?xml version="1.0" encoding="UTF-8"?>
<!-- Generated by org.testng.reporters.JUnitReportReporter -->
<testsuite skipped="0" hostname="Nas" name="progresive.qa.test.auto.AutoTest" tests="1" failures="0" timestamp="2022-05-05T22:56:09 EDT" time="11.881" errors="0">
  <testcase name="autoTest" time="11.881" classname="progresive.qa.test.auto.AutoTest"/>
  <system-out>
    <![CDATA[Element is Cliking : [[ChromeDriver: chrome on WINDOWS (defb987c974e89a0f4b6be2a0ecd8bbf)] -> xpath: (//p[contains(text(),'Auto')])[1]]<br>
11419 : value passed to element : [[ChromeDriver: chrome on WINDOWS (defb987c974e89a0f4b6be2a0ecd8bbf)] -> xpath: (//*[@name='ZipCode'])[1]]<br>
Element is Cliking : [[ChromeDriver: chrome on WINDOWS (defb987c974e89a0f4b6be2a0ecd8bbf)] -> xpath: (//input[@name='qsButton'])[1]]<br>
John : value passed to element : [[ChromeDriver: chrome on WINDOWS (defb987c974e89a0f4b6be2a0ecd8bbf)] -> id: NameAndAddressEdit_embedded_questions_list_FirstName]<br>
H : value passed to element : [[ChromeDriver: chrome on WINDOWS (defb987c974e89a0f4b6be2a0ecd8bbf)] -> id: NameAndAddressEdit_embedded_questions_list_MiddleInitial]<br>
Doe : value passed to element : [[ChromeDriver: chrome on WINDOWS (defb987c974e89a0f4b6be2a0ecd8bbf)] -> id: NameAndAddressEdit_embedded_questions_list_LastName]<br>]]>
  </system-out>
</testsuite> <!-- progresive.qa.test.auto.AutoTest -->
