<?xml version="1.0" encoding="UTF-8"?>
<!-- Generated by org.testng.reporters.JUnitReportReporter -->
<testsuite skipped="0" hostname="Nas" name="progressive.qa.test.home.HomeTest" tests="2" failures="0" timestamp="2022-05-13T21:05:17 EDT" time="9.606" errors="0">
  <testcase name="homeTest1" time="5.863" classname="progressive.qa.test.home.HomeTest"/>
  <system-out/>
  <testcase name="homeTest2" time="3.743" classname="progressive.qa.test.home.HomeTest"/>
  <system-out/>
</testsuite> <!-- progressive.qa.test.home.HomeTest -->
