<?xml version="1.0" encoding="UTF-8"?>
<!-- Generated by org.testng.reporters.JUnitReportReporter -->
<testsuite skipped="0" hostname="Nas" name="progresive.qa.test.auto.AutoTestExcelDataProvider" tests="2" failures="0" timestamp="2022-05-19T23:13:08 EDT" time="72.797" errors="0">
  <testcase name="autoTest" time="33.237" classname="progresive.qa.test.auto.AutoTestExcelDataProvider"/>
  <system-out>
    <![CDATA[Element is Cliking : [[ChromeDriver: chrome on WINDOWS (6c9c328018805c353000b82010859ebd)] -> xpath: (//p[contains(text(),'Auto')])[1]]<br><br>
Current URL is : https://www.progressive.com/#l<br><br>
11418 : value passed to element : [[ChromeDriver: chrome on WINDOWS (6c9c328018805c353000b82010859ebd)] -> xpath: (//*[@name='ZipCode'])[1]]<br><br>
Current URL is : https://www.progressive.com/#l<br><br>
Element is Cliking : [[ChromeDriver: chrome on WINDOWS (6c9c328018805c353000b82010859ebd)] -> xpath: (//input[@name='qsButton'])[1]]<br><br>
Jahangir : value passed to element : [[ChromeDriver: chrome on WINDOWS (6c9c328018805c353000b82010859ebd)] -> id: NameAndAddressEdit_embedded_questions_list_FirstName]<br><br>
M : value passed to element : [[ChromeDriver: chrome on WINDOWS (6c9c328018805c353000b82010859ebd)] -> id: NameAndAddressEdit_embedded_questions_list_MiddleInitial]<br><br>
Kabir : value passed to element : [[ChromeDriver: chrome on WINDOWS (6c9c328018805c353000b82010859ebd)] -> id: NameAndAddressEdit_embedded_questions_list_LastName]<br><br>
Sleeping for : 0.5 seconds zZzz..<br><br>
III : value has been selected from the element : [[ChromeDriver: chrome on WINDOWS (6c9c328018805c353000b82010859ebd)] -> id: NameAndAddressEdit_embedded_questions_list_Suffix]<br><br>
05/09/2000 : value passed to element : [[ChromeDriver: chrome on WINDOWS (6c9c328018805c353000b82010859ebd)] -> id: NameAndAddressEdit_embedded_questions_list_DateOfBirth]<br><br>
12312 Liberty Avenue : value passed to element : [[ChromeDriver: chrome on WINDOWS (6c9c328018805c353000b82010859ebd)] -> id: NameAndAddressEdit_embedded_questions_list_MailingAddress]<br><br>
3A : value passed to element : [[ChromeDriver: chrome on WINDOWS (6c9c328018805c353000b82010859ebd)] -> id: NameAndAddressEdit_embedded_questions_list_ApartmentUnit]<br><br>
Richmond Hill : value passed to element : [[ChromeDriver: chrome on WINDOWS (6c9c328018805c353000b82010859ebd)] -> id: NameAndAddressEdit_embedded_questions_list_City]<br><br>
[[ChromeDriver: chrome on WINDOWS (6c9c328018805c353000b82010859ebd)] -> tag name: checkbox-input] : is Not selected<br><br>
Element is Cliking : [[ChromeDriver: chrome on WINDOWS (6c9c328018805c353000b82010859ebd)] -> class name: blue]<br><br>
By.xpath: (//div[contains(.,'Required to continue')])[4] : Element is Present<br><br>
Current URL is : https://autoinsurance1.progressivedirect.com/0/UQA/Quote/NameAndAddressEdit<br><br>
12312 Liberty Avenue : value passed to element : [[ChromeDriver: chrome on WINDOWS (6c9c328018805c353000b82010859ebd)] -> id: NameAndAddressEdit_embedded_questions_list_MailingAddress]<br><br>
3A : value passed to element : [[ChromeDriver: chrome on WINDOWS (6c9c328018805c353000b82010859ebd)] -> id: NameAndAddressEdit_embedded_questions_list_ApartmentUnit]<br><br>
By.xpath: (//div[contains(.,'Required to continue')])[5] : Element is Present<br><br>
Richmond Hill : value passed to element : [[ChromeDriver: chrome on WINDOWS (6c9c328018805c353000b82010859ebd)] -> id: NameAndAddressEdit_embedded_questions_list_City]<br><br>
Current URL is : https://autoinsurance1.progressivedirect.com/0/UQA/Quote/NameAndAddressEdit<br><br>
Element is Cliking : [[ChromeDriver: chrome on WINDOWS (6c9c328018805c353000b82010859ebd)] -> class name: blue]<br><br>
Sleeping for : 0.5 seconds zZzz..<br><br>
2022 : value has been selected from the element : [[ChromeDriver: chrome on WINDOWS (6c9c328018805c353000b82010859ebd)] -> id: VehiclesNew_embedded_questions_list_Year]<br><br>
Sleeping for : 0.5 seconds zZzz..<br><br>
JEEP : value has been selected from the element : [[ChromeDriver: chrome on WINDOWS (6c9c328018805c353000b82010859ebd)] -> id: VehiclesNew_embedded_questions_list_Make]<br><br>
Sleeping for : 0.5 seconds zZzz..<br><br>
CHEROKEE : value has been selected from the element : [[ChromeDriver: chrome on WINDOWS (6c9c328018805c353000b82010859ebd)] -> id: VehiclesNew_embedded_questions_list_Model]<br><br>
Sleeping for : 0.5 seconds zZzz..<br><br>
SUV (4CYL 4X2) : value has been selected from the element : [[ChromeDriver: chrome on WINDOWS (6c9c328018805c353000b82010859ebd)] -> id: VehiclesNew_embedded_questions_list_BodyStyle]<br><br>
Sleeping for : 0.5 seconds zZzz..<br><br>
4TNC : value has been selected from the element : [[ChromeDriver: chrome on WINDOWS (6c9c328018805c353000b82010859ebd)] -> id: VehiclesNew_embedded_questions_list_VehicleUse]<br><br>
[[ChromeDriver: chrome on WINDOWS (6c9c328018805c353000b82010859ebd)] -> tag name: checkbox-input] : is Not selected<br><br>
Sleeping for : 0.5 seconds zZzz..<br><br>
3 : value has been selected from the element : [[ChromeDriver: chrome on WINDOWS (6c9c328018805c353000b82010859ebd)] -> id: VehiclesNew_embedded_questions_list_OwnOrLease]<br><br>
Sleeping for : 0.5 seconds zZzz..<br><br>
E : value has been selected from the element : [[ChromeDriver: chrome on WINDOWS (6c9c328018805c353000b82010859ebd)] -> id: VehiclesNew_embedded_questions_list_LengthOfOwnership]<br><br>
Sleeping for : 0.5 seconds zZzz..<br><br>
5 : value has been selected from the element : [[ChromeDriver: chrome on WINDOWS (6c9c328018805c353000b82010859ebd)] -> id: VehiclesNew_embedded_questions_list_AntitheftDevice]<br><br>
Element is Cliking : Proxy element for: DefaultElementLocator 'By.xpath: //button[text()='Done']'<br><br>
Element is Cliking : [[ChromeDriver: chrome on WINDOWS (6c9c328018805c353000b82010859ebd)] -> xpath: //button[text()='Continue']]<br><br>]]>
  </system-out>
  <testcase name="autoTest" time="39.560" classname="progresive.qa.test.auto.AutoTestExcelDataProvider"/>
  <system-out>
    <![CDATA[Element is Cliking : [[ChromeDriver: chrome on WINDOWS (7c99f228b37ab9712e5b703b86151350)] -> xpath: (//p[contains(text(),'Auto')])[1]]<br><br>
Current URL is : https://www.progressive.com/#s<br><br>
11423 : value passed to element : [[ChromeDriver: chrome on WINDOWS (7c99f228b37ab9712e5b703b86151350)] -> id: zipCode_overlay_subproducts]<br><br>
Current URL is : https://www.progressive.com/#s<br><br>
Element is Cliking : [[ChromeDriver: chrome on WINDOWS (7c99f228b37ab9712e5b703b86151350)] -> id: qsButton_overlay_subproducts]<br><br>
Jack : value passed to element : [[ChromeDriver: chrome on WINDOWS (7c99f228b37ab9712e5b703b86151350)] -> id: NameAndAddressEdit_embedded_questions_list_FirstName]<br><br>
N : value passed to element : [[ChromeDriver: chrome on WINDOWS (7c99f228b37ab9712e5b703b86151350)] -> id: NameAndAddressEdit_embedded_questions_list_MiddleInitial]<br><br>
Jill : value passed to element : [[ChromeDriver: chrome on WINDOWS (7c99f228b37ab9712e5b703b86151350)] -> id: NameAndAddressEdit_embedded_questions_list_LastName]<br><br>
Sleeping for : 0.5 seconds zZzz..<br><br>
II : value has been selected from the element : [[ChromeDriver: chrome on WINDOWS (7c99f228b37ab9712e5b703b86151350)] -> id: NameAndAddressEdit_embedded_questions_list_Suffix]<br><br>
01/03/1977 : value passed to element : [[ChromeDriver: chrome on WINDOWS (7c99f228b37ab9712e5b703b86151350)] -> id: NameAndAddressEdit_embedded_questions_list_DateOfBirth]<br><br>
10089 200th St : value passed to element : [[ChromeDriver: chrome on WINDOWS (7c99f228b37ab9712e5b703b86151350)] -> id: NameAndAddressEdit_embedded_questions_list_MailingAddress]<br><br>
5C : value passed to element : [[ChromeDriver: chrome on WINDOWS (7c99f228b37ab9712e5b703b86151350)] -> id: NameAndAddressEdit_embedded_questions_list_ApartmentUnit]<br><br>
Hollis : value passed to element : [[ChromeDriver: chrome on WINDOWS (7c99f228b37ab9712e5b703b86151350)] -> id: NameAndAddressEdit_embedded_questions_list_City]<br><br>
[[ChromeDriver: chrome on WINDOWS (7c99f228b37ab9712e5b703b86151350)] -> tag name: checkbox-input] : is Not selected<br><br>
Element is Cliking : [[ChromeDriver: chrome on WINDOWS (7c99f228b37ab9712e5b703b86151350)] -> class name: blue]<br><br>
By.xpath: (//div[contains(.,'Required to continue')])[4] : Element is Present<br><br>
Current URL is : https://autoinsurance1.progressivedirect.com/0/UQA/Quote/NameAndAddressEdit<br><br>
10089 200th St : value passed to element : [[ChromeDriver: chrome on WINDOWS (7c99f228b37ab9712e5b703b86151350)] -> id: NameAndAddressEdit_embedded_questions_list_MailingAddress]<br><br>
5C : value passed to element : [[ChromeDriver: chrome on WINDOWS (7c99f228b37ab9712e5b703b86151350)] -> id: NameAndAddressEdit_embedded_questions_list_ApartmentUnit]<br><br>
By.xpath: (//div[contains(.,'Required to continue')])[5] : Element is Not Present<br><br>
Current URL is : https://autoinsurance1.progressivedirect.com/0/UQA/Quote/NameAndAddressEdit<br><br>
Element is Cliking : [[ChromeDriver: chrome on WINDOWS (7c99f228b37ab9712e5b703b86151350)] -> class name: blue]<br><br>
Sleeping for : 0.5 seconds zZzz..<br><br>
2022 : value has been selected from the element : [[ChromeDriver: chrome on WINDOWS (7c99f228b37ab9712e5b703b86151350)] -> id: VehiclesNew_embedded_questions_list_Year]<br><br>
Sleeping for : 0.5 seconds zZzz..<br><br>
BMW : value has been selected from the element : [[ChromeDriver: chrome on WINDOWS (7c99f228b37ab9712e5b703b86151350)] -> id: VehiclesNew_embedded_questions_list_Make]<br><br>
Sleeping for : 0.5 seconds zZzz..<br><br>
230 : value has been selected from the element : [[ChromeDriver: chrome on WINDOWS (7c99f228b37ab9712e5b703b86151350)] -> id: VehiclesNew_embedded_questions_list_Model]<br><br>
Sleeping for : 0.5 seconds zZzz..<br><br>
4TNC : value has been selected from the element : [[ChromeDriver: chrome on WINDOWS (7c99f228b37ab9712e5b703b86151350)] -> id: VehiclesNew_embedded_questions_list_VehicleUse]<br><br>
[[ChromeDriver: chrome on WINDOWS (7c99f228b37ab9712e5b703b86151350)] -> tag name: checkbox-input] : is Not selected<br><br>
Sleeping for : 0.5 seconds zZzz..<br><br>
3 : value has been selected from the element : [[ChromeDriver: chrome on WINDOWS (7c99f228b37ab9712e5b703b86151350)] -> id: VehiclesNew_embedded_questions_list_OwnOrLease]<br><br>
Sleeping for : 0.5 seconds zZzz..<br><br>
E : value has been selected from the element : [[ChromeDriver: chrome on WINDOWS (7c99f228b37ab9712e5b703b86151350)] -> id: VehiclesNew_embedded_questions_list_LengthOfOwnership]<br><br>
Sleeping for : 0.5 seconds zZzz..<br><br>
5 : value has been selected from the element : [[ChromeDriver: chrome on WINDOWS (7c99f228b37ab9712e5b703b86151350)] -> id: VehiclesNew_embedded_questions_list_AntitheftDevice]<br><br>
Element is Cliking : Proxy element for: DefaultElementLocator 'By.xpath: //button[text()='Done']'<br><br>
Element is Cliking : [[ChromeDriver: chrome on WINDOWS (7c99f228b37ab9712e5b703b86151350)] -> xpath: //button[text()='Continue']]<br><br>]]>
  </system-out>
</testsuite> <!-- progresive.qa.test.auto.AutoTestExcelDataProvider -->
