<?xml version="1.0" encoding="UTF-8"?>
<!-- Generated by org.testng.reporters.JUnitReportReporter -->
<testsuite skipped="0" hostname="Nas" name="progresive.qa.test.auto.AutoTest" tests="1" failures="0" timestamp="2022-05-08T23:02:52 EDT" time="13.714" errors="0">
  <testcase name="autoTest" time="13.714" classname="progresive.qa.test.auto.AutoTest"/>
  <system-out>
    <![CDATA[Element is Cliking : [[ChromeDriver: chrome on WINDOWS (de008c4e88355988be1d69cdc7a4135b)] -> xpath: (//p[contains(text(),'Auto')])[1]]<br>
Current URL is : https://www.progressive.com/home/home/#l<br>
11419 : value passed to element : [[ChromeDriver: chrome on WINDOWS (de008c4e88355988be1d69cdc7a4135b)] -> xpath: (//*[@name='ZipCode'])[1]]<br>
Current URL is : https://www.progressive.com/home/home/#l<br>
Element is Cliking : [[ChromeDriver: chrome on WINDOWS (de008c4e88355988be1d69cdc7a4135b)] -> xpath: (//input[@name='qsButton'])[1]]<br>
John : value passed to element : [[ChromeDriver: chrome on WINDOWS (de008c4e88355988be1d69cdc7a4135b)] -> id: NameAndAddressEdit_embedded_questions_list_FirstName]<br>
H : value passed to element : [[ChromeDriver: chrome on WINDOWS (de008c4e88355988be1d69cdc7a4135b)] -> id: NameAndAddressEdit_embedded_questions_list_MiddleInitial]<br>
Doe : value passed to element : [[ChromeDriver: chrome on WINDOWS (de008c4e88355988be1d69cdc7a4135b)] -> id: NameAndAddressEdit_embedded_questions_list_LastName]<br>
III : value has been selected from the element : [[ChromeDriver: chrome on WINDOWS (de008c4e88355988be1d69cdc7a4135b)] -> id: NameAndAddressEdit_embedded_questions_list_Suffix]<br>
06/07/1977 : value passed to element : [[ChromeDriver: chrome on WINDOWS (de008c4e88355988be1d69cdc7a4135b)] -> id: NameAndAddressEdit_embedded_questions_list_DateOfBirth]<br>
12312 Liberty Avenue : value passed to element : [[ChromeDriver: chrome on WINDOWS (de008c4e88355988be1d69cdc7a4135b)] -> id: NameAndAddressEdit_embedded_questions_list_MailingAddress]<br>
2B : value passed to element : [[ChromeDriver: chrome on WINDOWS (de008c4e88355988be1d69cdc7a4135b)] -> id: NameAndAddressEdit_embedded_questions_list_ApartmentUnit]<br>
Jamaica : value passed to element : [[ChromeDriver: chrome on WINDOWS (de008c4e88355988be1d69cdc7a4135b)] -> id: NameAndAddressEdit_embedded_questions_list_City]<br>
[[ChromeDriver: chrome on WINDOWS (de008c4e88355988be1d69cdc7a4135b)] -> tag name: checkbox-input] : is Not selected<br>
Element is Cliking : [[ChromeDriver: chrome on WINDOWS (de008c4e88355988be1d69cdc7a4135b)] -> tag name: checkbox-input]<br>
Element is Cliking : [[ChromeDriver: chrome on WINDOWS (de008c4e88355988be1d69cdc7a4135b)] -> class name: blue]<br>
By.xpath: (//div[contains(.,'Required to continue')])[4] : Element is Present<br>
Current URL is : https://autoinsurance1.progressivedirect.com/0/UQA/Quote/NameAndAddressEdit<br>
12312 Liberty Avenue : value passed to element : [[ChromeDriver: chrome on WINDOWS (de008c4e88355988be1d69cdc7a4135b)] -> id: NameAndAddressEdit_embedded_questions_list_MailingAddress]<br>
Element is Cliking : [[ChromeDriver: chrome on WINDOWS (de008c4e88355988be1d69cdc7a4135b)] -> class name: blue]<br>]]>
  </system-out>
</testsuite> <!-- progresive.qa.test.auto.AutoTest -->
