<?xml version="1.0" encoding="UTF-8"?>
<!-- Generated by org.testng.reporters.JUnitReportReporter -->
<testsuite skipped="1" hostname="Nas" name="progresive.qa.test.auto.AutoTest" tests="2" failures="0" timestamp="2022-05-10T22:44:09 EDT" time="41.995" errors="0">
  <testcase name="autoTestJeep" time="41.995" classname="progresive.qa.test.auto.AutoTest"/>
  <system-out>
    <![CDATA[Element is Cliking : [[ChromeDriver: chrome on WINDOWS (ca9c9143c1db4fd10745de683b6d15f1)] -> xpath: (//p[contains(text(),'Auto')])[1]]<br>
Current URL is : https://www.progressive.com/#l<br>
11419 : value passed to element : [[ChromeDriver: chrome on WINDOWS (ca9c9143c1db4fd10745de683b6d15f1)] -> xpath: (//*[@name='ZipCode'])[1]]<br>
Current URL is : https://www.progressive.com/#l<br>
Element is Cliking : [[ChromeDriver: chrome on WINDOWS (ca9c9143c1db4fd10745de683b6d15f1)] -> xpath: (//input[@name='qsButton'])[1]]<br>
John : value passed to element : [[ChromeDriver: chrome on WINDOWS (ca9c9143c1db4fd10745de683b6d15f1)] -> id: NameAndAddressEdit_embedded_questions_list_FirstName]<br>
H : value passed to element : [[ChromeDriver: chrome on WINDOWS (ca9c9143c1db4fd10745de683b6d15f1)] -> id: NameAndAddressEdit_embedded_questions_list_MiddleInitial]<br>
Doe : value passed to element : [[ChromeDriver: chrome on WINDOWS (ca9c9143c1db4fd10745de683b6d15f1)] -> id: NameAndAddressEdit_embedded_questions_list_LastName]<br>
Sleeping for : 0.5 seconds zZzz..<br>
III : value has been selected from the element : [[ChromeDriver: chrome on WINDOWS (ca9c9143c1db4fd10745de683b6d15f1)] -> id: NameAndAddressEdit_embedded_questions_list_Suffix]<br>
06/07/1977 : value passed to element : [[ChromeDriver: chrome on WINDOWS (ca9c9143c1db4fd10745de683b6d15f1)] -> id: NameAndAddressEdit_embedded_questions_list_DateOfBirth]<br>
12312 Liberty Avenue : value passed to element : [[ChromeDriver: chrome on WINDOWS (ca9c9143c1db4fd10745de683b6d15f1)] -> id: NameAndAddressEdit_embedded_questions_list_MailingAddress]<br>
2B : value passed to element : [[ChromeDriver: chrome on WINDOWS (ca9c9143c1db4fd10745de683b6d15f1)] -> id: NameAndAddressEdit_embedded_questions_list_ApartmentUnit]<br>
Jamaica : value passed to element : [[ChromeDriver: chrome on WINDOWS (ca9c9143c1db4fd10745de683b6d15f1)] -> id: NameAndAddressEdit_embedded_questions_list_City]<br>
[[ChromeDriver: chrome on WINDOWS (ca9c9143c1db4fd10745de683b6d15f1)] -> tag name: checkbox-input] : is Not selected<br>
Element is Cliking : [[ChromeDriver: chrome on WINDOWS (ca9c9143c1db4fd10745de683b6d15f1)] -> tag name: checkbox-input]<br>
Element is Cliking : [[ChromeDriver: chrome on WINDOWS (ca9c9143c1db4fd10745de683b6d15f1)] -> class name: blue]<br>
By.xpath: (//div[contains(.,'Required to continue')])[4] : Element is Present<br>
Current URL is : https://autoinsurance1.progressivedirect.com/0/UQA/Quote/NameAndAddressEdit<br>
12312 Liberty Avenue : value passed to element : [[ChromeDriver: chrome on WINDOWS (ca9c9143c1db4fd10745de683b6d15f1)] -> id: NameAndAddressEdit_embedded_questions_list_MailingAddress]<br>
By.xpath: (//div[contains(.,'Required to continue')])[5] : Element is Not Present<br>
Element is Cliking : [[ChromeDriver: chrome on WINDOWS (ca9c9143c1db4fd10745de683b6d15f1)] -> class name: blue]<br>
Sleeping for : 0.5 seconds zZzz..<br>
2022 : value has been selected from the element : [[ChromeDriver: chrome on WINDOWS (ca9c9143c1db4fd10745de683b6d15f1)] -> id: VehiclesNew_embedded_questions_list_Year]<br>
Sleeping for : 0.5 seconds zZzz..<br>
JEEP : value has been selected from the element : [[ChromeDriver: chrome on WINDOWS (ca9c9143c1db4fd10745de683b6d15f1)] -> id: VehiclesNew_embedded_questions_list_Make]<br>
Sleeping for : 0.5 seconds zZzz..<br>
CHEROKEE : value has been selected from the element : [[ChromeDriver: chrome on WINDOWS (ca9c9143c1db4fd10745de683b6d15f1)] -> id: VehiclesNew_embedded_questions_list_Model]<br>
Sleeping for : 0.5 seconds zZzz..<br>
SUV (4CYL 4X2) : value has been selected from the element : [[ChromeDriver: chrome on WINDOWS (ca9c9143c1db4fd10745de683b6d15f1)] -> id: VehiclesNew_embedded_questions_list_BodyStyle]<br>
Sleeping for : 0.5 seconds zZzz..<br>
4TNC : value has been selected from the element : [[ChromeDriver: chrome on WINDOWS (ca9c9143c1db4fd10745de683b6d15f1)] -> id: VehiclesNew_embedded_questions_list_VehicleUse]<br>
[[ChromeDriver: chrome on WINDOWS (ca9c9143c1db4fd10745de683b6d15f1)] -> tag name: checkbox-input] : is Not selected<br>
Sleeping for : 0.5 seconds zZzz..<br>
3 : value has been selected from the element : [[ChromeDriver: chrome on WINDOWS (ca9c9143c1db4fd10745de683b6d15f1)] -> id: VehiclesNew_embedded_questions_list_OwnOrLease]<br>
Sleeping for : 0.5 seconds zZzz..<br>
E : value has been selected from the element : [[ChromeDriver: chrome on WINDOWS (ca9c9143c1db4fd10745de683b6d15f1)] -> id: VehiclesNew_embedded_questions_list_LengthOfOwnership]<br>
Sleeping for : 0.5 seconds zZzz..<br>
5 : value has been selected from the element : [[ChromeDriver: chrome on WINDOWS (ca9c9143c1db4fd10745de683b6d15f1)] -> id: VehiclesNew_embedded_questions_list_AntitheftDevice]<br>
Element is Cliking : Proxy element for: DefaultElementLocator 'By.xpath: //button[text()='Done']'<br>
Element is Cliking : [[ChromeDriver: chrome on WINDOWS (ca9c9143c1db4fd10745de683b6d15f1)] -> xpath: //button[text()='Continue']]<br>]]>
  </system-out>
  <testcase name="autoTestBmw" classname="progresive.qa.test.auto.AutoTest">
    <skipped/>
  </testcase> <!-- autoTestBmw -->
  <system-out/>
</testsuite> <!-- progresive.qa.test.auto.AutoTest -->
