<?xml version="1.0" encoding="UTF-8"?>
<!-- Generated by org.testng.reporters.JUnitReportReporter -->
<testsuite skipped="1" hostname="Nas" name="progresive.qa.test.auto.AutoTestRobust" tests="2" failures="0" timestamp="2022-05-13T22:55:28 EDT" time="43.237" errors="0">
  <testcase name="bmwTest" time="43.237" classname="progresive.qa.test.auto.AutoTestRobust"/>
  <system-out>
    <![CDATA[Element is Cliking : [[ChromeDriver: chrome on WINDOWS (504ff8d05bd13ce9fc5319493cb31167)] -> xpath: (//p[contains(text(),'Auto')])[1]]<br>
Current URL is : https://www.progressive.com/#l<br>
11413 : value passed to element : [[ChromeDriver: chrome on WINDOWS (504ff8d05bd13ce9fc5319493cb31167)] -> xpath: (//*[@name='ZipCode'])[1]]<br>
Current URL is : https://www.progressive.com/#l<br>
Element is Cliking : [[ChromeDriver: chrome on WINDOWS (504ff8d05bd13ce9fc5319493cb31167)] -> xpath: (//input[@name='qsButton'])[1]]<br>
David : value passed to element : [[ChromeDriver: chrome on WINDOWS (504ff8d05bd13ce9fc5319493cb31167)] -> id: NameAndAddressEdit_embedded_questions_list_FirstName]<br>
H : value passed to element : [[ChromeDriver: chrome on WINDOWS (504ff8d05bd13ce9fc5319493cb31167)] -> id: NameAndAddressEdit_embedded_questions_list_MiddleInitial]<br>
Doe : value passed to element : [[ChromeDriver: chrome on WINDOWS (504ff8d05bd13ce9fc5319493cb31167)] -> id: NameAndAddressEdit_embedded_questions_list_LastName]<br>
Sleeping for : 0.5 seconds zZzz..<br>
II : value has been selected from the element : [[ChromeDriver: chrome on WINDOWS (504ff8d05bd13ce9fc5319493cb31167)] -> id: NameAndAddressEdit_embedded_questions_list_Suffix]<br>
11/04/1987 : value passed to element : [[ChromeDriver: chrome on WINDOWS (504ff8d05bd13ce9fc5319493cb31167)] -> id: NameAndAddressEdit_embedded_questions_list_DateOfBirth]<br>
12312 Liberty Avenue : value passed to element : [[ChromeDriver: chrome on WINDOWS (504ff8d05bd13ce9fc5319493cb31167)] -> id: NameAndAddressEdit_embedded_questions_list_MailingAddress]<br>
2B : value passed to element : [[ChromeDriver: chrome on WINDOWS (504ff8d05bd13ce9fc5319493cb31167)] -> id: NameAndAddressEdit_embedded_questions_list_ApartmentUnit]<br>
Jamaica : value passed to element : [[ChromeDriver: chrome on WINDOWS (504ff8d05bd13ce9fc5319493cb31167)] -> id: NameAndAddressEdit_embedded_questions_list_City]<br>
[[ChromeDriver: chrome on WINDOWS (504ff8d05bd13ce9fc5319493cb31167)] -> tag name: checkbox-input] : is Not selected<br>
Element is Cliking : [[ChromeDriver: chrome on WINDOWS (504ff8d05bd13ce9fc5319493cb31167)] -> tag name: checkbox-input]<br>
Element is Cliking : [[ChromeDriver: chrome on WINDOWS (504ff8d05bd13ce9fc5319493cb31167)] -> class name: blue]<br>
By.xpath: (//div[contains(.,'Required to continue')])[4] : Element is Present<br>
Current URL is : https://autoinsurance1.progressivedirect.com/0/UQA/Quote/NameAndAddressEdit<br>
12312 Liberty Avenue : value passed to element : [[ChromeDriver: chrome on WINDOWS (504ff8d05bd13ce9fc5319493cb31167)] -> id: NameAndAddressEdit_embedded_questions_list_MailingAddress]<br>
2B : value passed to element : [[ChromeDriver: chrome on WINDOWS (504ff8d05bd13ce9fc5319493cb31167)] -> id: NameAndAddressEdit_embedded_questions_list_ApartmentUnit]<br>
By.xpath: (//div[contains(.,'Required to continue')])[5] : Element is Not Present<br>
Current URL is : https://autoinsurance1.progressivedirect.com/0/UQA/Quote/NameAndAddressEdit<br>
Element is Cliking : [[ChromeDriver: chrome on WINDOWS (504ff8d05bd13ce9fc5319493cb31167)] -> class name: blue]<br>
Sleeping for : 0.5 seconds zZzz..<br>
2022 : value has been selected from the element : [[ChromeDriver: chrome on WINDOWS (504ff8d05bd13ce9fc5319493cb31167)] -> id: VehiclesNew_embedded_questions_list_Year]<br>
Sleeping for : 0.5 seconds zZzz..<br>
BMW : value has been selected from the element : [[ChromeDriver: chrome on WINDOWS (504ff8d05bd13ce9fc5319493cb31167)] -> id: VehiclesNew_embedded_questions_list_Make]<br>
Sleeping for : 0.5 seconds zZzz..<br>
230 : value has been selected from the element : [[ChromeDriver: chrome on WINDOWS (504ff8d05bd13ce9fc5319493cb31167)] -> id: VehiclesNew_embedded_questions_list_Model]<br>
Sleeping for : 0.5 seconds zZzz..<br>
4TNC : value has been selected from the element : [[ChromeDriver: chrome on WINDOWS (504ff8d05bd13ce9fc5319493cb31167)] -> id: VehiclesNew_embedded_questions_list_VehicleUse]<br>
[[ChromeDriver: chrome on WINDOWS (504ff8d05bd13ce9fc5319493cb31167)] -> tag name: checkbox-input] : is Not selected<br>
Sleeping for : 0.5 seconds zZzz..<br>
3 : value has been selected from the element : [[ChromeDriver: chrome on WINDOWS (504ff8d05bd13ce9fc5319493cb31167)] -> id: VehiclesNew_embedded_questions_list_OwnOrLease]<br>
Sleeping for : 0.5 seconds zZzz..<br>
E : value has been selected from the element : [[ChromeDriver: chrome on WINDOWS (504ff8d05bd13ce9fc5319493cb31167)] -> id: VehiclesNew_embedded_questions_list_LengthOfOwnership]<br>
Sleeping for : 0.5 seconds zZzz..<br>
5 : value has been selected from the element : [[ChromeDriver: chrome on WINDOWS (504ff8d05bd13ce9fc5319493cb31167)] -> id: VehiclesNew_embedded_questions_list_AntitheftDevice]<br>
Element is Cliking : Proxy element for: DefaultElementLocator 'By.xpath: //button[text()='Done']'<br>
Element is Cliking : [[ChromeDriver: chrome on WINDOWS (504ff8d05bd13ce9fc5319493cb31167)] -> xpath: //button[text()='Continue']]<br>]]>
  </system-out>
  <testcase name="dependsOnGroups" classname="progresive.qa.test.auto.AutoTestRobust">
    <skipped/>
  </testcase> <!-- dependsOnGroups -->
  <system-out/>
</testsuite> <!-- progresive.qa.test.auto.AutoTestRobust -->
