<?xml version="1.0" encoding="UTF-8"?>
<!-- Generated by org.testng.reporters.JUnitReportReporter -->
<testsuite skipped="2" hostname="Nas" name="progresive.qa.test.auto.AutoTestRobust" tests="3" failures="0" timestamp="2022-05-21T01:16:00 EDT" time="6.252" errors="0">
  <testcase name="dependsOnMethod" time="6.252" classname="progresive.qa.test.auto.AutoTestRobust"/>
  <system-out/>
  <testcase name="bmwTest" classname="progresive.qa.test.auto.AutoTestRobust">
    <skipped/>
  </testcase> <!-- bmwTest -->
  <system-out/>
  <testcase name="dependsOnGroups" classname="progresive.qa.test.auto.AutoTestRobust">
    <skipped/>
  </testcase> <!-- dependsOnGroups -->
  <system-out/>
</testsuite> <!-- progresive.qa.test.auto.AutoTestRobust -->
