<?xml version="1.0" encoding="UTF-8"?>
<!-- Generated by org.testng.reporters.JUnitReportReporter -->
<testsuite skipped="0" hostname="Nas" name="progresive.qa.test.auto.AutoTestHashMapDataProvider" tests="2" failures="0" timestamp="2022-06-05T23:07:50 EDT" time="76.195" errors="0">
  <testcase name="autoTest" time="45.231" classname="progresive.qa.test.auto.AutoTestHashMapDataProvider"/>
  <system-out>
    <![CDATA[Element is Cliking : [[ChromeDriver: chrome on WINDOWS (07fd2414b64f39842a47115221327222)] -> xpath: (//p[contains(text(),'Auto')])[1]]<br>
[[ChromeDriver: chrome on WINDOWS (07fd2414b64f39842a47115221327222)] -> tag name: h1] has text : Welcome to Progressive<br>
Actual : Welcome to Progressive<<<>>>Expeted : Welcome to Progressive<br>
Current URL is : https://www.progressive.com/home/home/#l<br>
11418 : value passed to element : [[ChromeDriver: chrome on WINDOWS (07fd2414b64f39842a47115221327222)] -> xpath: (//*[@name='ZipCode'])[1]]<br>
Current URL is : https://www.progressive.com/home/home/#l<br>
Element is Cliking : [[ChromeDriver: chrome on WINDOWS (07fd2414b64f39842a47115221327222)] -> xpath: (//input[@name='qsButton'])[1]]<br>
Jahangir : value passed to element : [[ChromeDriver: chrome on WINDOWS (07fd2414b64f39842a47115221327222)] -> id: NameAndAddressEdit_embedded_questions_list_FirstName]<br>
M : value passed to element : [[ChromeDriver: chrome on WINDOWS (07fd2414b64f39842a47115221327222)] -> id: NameAndAddressEdit_embedded_questions_list_MiddleInitial]<br>
Kabir : value passed to element : [[ChromeDriver: chrome on WINDOWS (07fd2414b64f39842a47115221327222)] -> id: NameAndAddressEdit_embedded_questions_list_LastName]<br>
Sleeping for : 0.5 seconds zZzz..<br>
III : value has been selected from the element : [[ChromeDriver: chrome on WINDOWS (07fd2414b64f39842a47115221327222)] -> id: NameAndAddressEdit_embedded_questions_list_Suffix]<br>
05/09/2000 : value passed to element : [[ChromeDriver: chrome on WINDOWS (07fd2414b64f39842a47115221327222)] -> id: NameAndAddressEdit_embedded_questions_list_DateOfBirth]<br>
12312 Liberty Avenue : value passed to element : [[ChromeDriver: chrome on WINDOWS (07fd2414b64f39842a47115221327222)] -> id: NameAndAddressEdit_embedded_questions_list_MailingAddress]<br>
3A : value passed to element : [[ChromeDriver: chrome on WINDOWS (07fd2414b64f39842a47115221327222)] -> id: NameAndAddressEdit_embedded_questions_list_ApartmentUnit]<br>
Richmond Hill : value passed to element : [[ChromeDriver: chrome on WINDOWS (07fd2414b64f39842a47115221327222)] -> id: NameAndAddressEdit_embedded_questions_list_City]<br>
[[ChromeDriver: chrome on WINDOWS (07fd2414b64f39842a47115221327222)] -> tag name: checkbox-input] : is Not selected<br>
Element is Cliking : [[ChromeDriver: chrome on WINDOWS (07fd2414b64f39842a47115221327222)] -> class name: blue]<br>
By.xpath: (//div[contains(.,'Required to continue')])[4] : Element is Present<br>
Current URL is : https://autoinsurance1.progressivedirect.com/0/UQA/Quote/NameAndAddressEdit<br>
12312 Liberty Avenue : value passed to element : [[ChromeDriver: chrome on WINDOWS (07fd2414b64f39842a47115221327222)] -> id: NameAndAddressEdit_embedded_questions_list_MailingAddress]<br>
3A : value passed to element : [[ChromeDriver: chrome on WINDOWS (07fd2414b64f39842a47115221327222)] -> id: NameAndAddressEdit_embedded_questions_list_ApartmentUnit]<br>
By.xpath: (//div[contains(.,'Required to continue')])[5] : Element is Not Present<br>
Current URL is : https://autoinsurance1.progressivedirect.com/0/UQA/Quote/NameAndAddressEdit<br>
Element is Cliking : [[ChromeDriver: chrome on WINDOWS (07fd2414b64f39842a47115221327222)] -> class name: blue]<br>
Sleeping for : 0.5 seconds zZzz..<br>
2022 : value has been selected from the element : [[ChromeDriver: chrome on WINDOWS (07fd2414b64f39842a47115221327222)] -> id: VehiclesNew_embedded_questions_list_Year]<br>
Sleeping for : 0.5 seconds zZzz..<br>
JEEP : value has been selected from the element : [[ChromeDriver: chrome on WINDOWS (07fd2414b64f39842a47115221327222)] -> id: VehiclesNew_embedded_questions_list_Make]<br>
Sleeping for : 0.5 seconds zZzz..<br>
CHEROKEE : value has been selected from the element : [[ChromeDriver: chrome on WINDOWS (07fd2414b64f39842a47115221327222)] -> id: VehiclesNew_embedded_questions_list_Model]<br>
Sleeping for : 0.5 seconds zZzz..<br>
SUV (4CYL 4X2) : value has been selected from the element : [[ChromeDriver: chrome on WINDOWS (07fd2414b64f39842a47115221327222)] -> id: VehiclesNew_embedded_questions_list_BodyStyle]<br>
Sleeping for : 0.5 seconds zZzz..<br>
4TNC : value has been selected from the element : [[ChromeDriver: chrome on WINDOWS (07fd2414b64f39842a47115221327222)] -> id: VehiclesNew_embedded_questions_list_VehicleUse]<br>
[[ChromeDriver: chrome on WINDOWS (07fd2414b64f39842a47115221327222)] -> tag name: checkbox-input] : is Not selected<br>
Sleeping for : 0.5 seconds zZzz..<br>
3 : value has been selected from the element : [[ChromeDriver: chrome on WINDOWS (07fd2414b64f39842a47115221327222)] -> id: VehiclesNew_embedded_questions_list_OwnOrLease]<br>
Sleeping for : 0.5 seconds zZzz..<br>
E : value has been selected from the element : [[ChromeDriver: chrome on WINDOWS (07fd2414b64f39842a47115221327222)] -> id: VehiclesNew_embedded_questions_list_LengthOfOwnership]<br>
Sleeping for : 0.5 seconds zZzz..<br>
5 : value has been selected from the element : [[ChromeDriver: chrome on WINDOWS (07fd2414b64f39842a47115221327222)] -> id: VehiclesNew_embedded_questions_list_AntitheftDevice]<br>
Element is Cliking : Proxy element for: DefaultElementLocator 'By.xpath: //button[text()='Done']'<br>
Element is Cliking : [[ChromeDriver: chrome on WINDOWS (07fd2414b64f39842a47115221327222)] -> xpath: //button[text()='Continue']]<br>]]>
  </system-out>
  <testcase name="autoTest" time="30.964" classname="progresive.qa.test.auto.AutoTestHashMapDataProvider"/>
  <system-out>
    <![CDATA[Element is Cliking : [[ChromeDriver: chrome on WINDOWS (72717d60ffa33e5d2d37bc3de7305409)] -> xpath: (//p[contains(text(),'Auto')])[1]]<br>
[[ChromeDriver: chrome on WINDOWS (72717d60ffa33e5d2d37bc3de7305409)] -> tag name: h1] has text : Spring showers bring big savings<br>
Actual : Spring showers bring big savings<<<>>>Expeted : Spring showers bring big savings<br>
Current URL is : https://www.progressive.com/#s<br>
11423 : value passed to element : [[ChromeDriver: chrome on WINDOWS (72717d60ffa33e5d2d37bc3de7305409)] -> id: zipCode_overlay_subproducts]<br>
Current URL is : https://www.progressive.com/#s<br>
Element is Cliking : [[ChromeDriver: chrome on WINDOWS (72717d60ffa33e5d2d37bc3de7305409)] -> id: qsButton_overlay_subproducts]<br>
Jack : value passed to element : [[ChromeDriver: chrome on WINDOWS (72717d60ffa33e5d2d37bc3de7305409)] -> id: NameAndAddressEdit_embedded_questions_list_FirstName]<br>
N : value passed to element : [[ChromeDriver: chrome on WINDOWS (72717d60ffa33e5d2d37bc3de7305409)] -> id: NameAndAddressEdit_embedded_questions_list_MiddleInitial]<br>
Jill : value passed to element : [[ChromeDriver: chrome on WINDOWS (72717d60ffa33e5d2d37bc3de7305409)] -> id: NameAndAddressEdit_embedded_questions_list_LastName]<br>
Sleeping for : 0.5 seconds zZzz..<br>
II : value has been selected from the element : [[ChromeDriver: chrome on WINDOWS (72717d60ffa33e5d2d37bc3de7305409)] -> id: NameAndAddressEdit_embedded_questions_list_Suffix]<br>
01/03/1977 : value passed to element : [[ChromeDriver: chrome on WINDOWS (72717d60ffa33e5d2d37bc3de7305409)] -> id: NameAndAddressEdit_embedded_questions_list_DateOfBirth]<br>
10089 200th St : value passed to element : [[ChromeDriver: chrome on WINDOWS (72717d60ffa33e5d2d37bc3de7305409)] -> id: NameAndAddressEdit_embedded_questions_list_MailingAddress]<br>
5C : value passed to element : [[ChromeDriver: chrome on WINDOWS (72717d60ffa33e5d2d37bc3de7305409)] -> id: NameAndAddressEdit_embedded_questions_list_ApartmentUnit]<br>
Hollis : value passed to element : [[ChromeDriver: chrome on WINDOWS (72717d60ffa33e5d2d37bc3de7305409)] -> id: NameAndAddressEdit_embedded_questions_list_City]<br>
[[ChromeDriver: chrome on WINDOWS (72717d60ffa33e5d2d37bc3de7305409)] -> tag name: checkbox-input] : is Not selected<br>
Element is Cliking : [[ChromeDriver: chrome on WINDOWS (72717d60ffa33e5d2d37bc3de7305409)] -> class name: blue]<br>
By.xpath: (//div[contains(.,'Required to continue')])[4] : Element is Present<br>
Current URL is : https://autoinsurance1.progressivedirect.com/0/UQA/Quote/NameAndAddressEdit<br>
10089 200th St : value passed to element : [[ChromeDriver: chrome on WINDOWS (72717d60ffa33e5d2d37bc3de7305409)] -> id: NameAndAddressEdit_embedded_questions_list_MailingAddress]<br>
5C : value passed to element : [[ChromeDriver: chrome on WINDOWS (72717d60ffa33e5d2d37bc3de7305409)] -> id: NameAndAddressEdit_embedded_questions_list_ApartmentUnit]<br>
By.xpath: (//div[contains(.,'Required to continue')])[5] : Element is Present<br>
Hollis : value passed to element : [[ChromeDriver: chrome on WINDOWS (72717d60ffa33e5d2d37bc3de7305409)] -> id: NameAndAddressEdit_embedded_questions_list_City]<br>
Current URL is : https://autoinsurance1.progressivedirect.com/0/UQA/Quote/NameAndAddressEdit<br>
Element is Cliking : [[ChromeDriver: chrome on WINDOWS (72717d60ffa33e5d2d37bc3de7305409)] -> class name: blue]<br>
Sleeping for : 0.5 seconds zZzz..<br>
2022 : value has been selected from the element : [[ChromeDriver: chrome on WINDOWS (72717d60ffa33e5d2d37bc3de7305409)] -> id: VehiclesNew_embedded_questions_list_Year]<br>
Sleeping for : 0.5 seconds zZzz..<br>
BMW : value has been selected from the element : [[ChromeDriver: chrome on WINDOWS (72717d60ffa33e5d2d37bc3de7305409)] -> id: VehiclesNew_embedded_questions_list_Make]<br>
Sleeping for : 0.5 seconds zZzz..<br>
230 : value has been selected from the element : [[ChromeDriver: chrome on WINDOWS (72717d60ffa33e5d2d37bc3de7305409)] -> id: VehiclesNew_embedded_questions_list_Model]<br>
Sleeping for : 0.5 seconds zZzz..<br>
4TNC : value has been selected from the element : [[ChromeDriver: chrome on WINDOWS (72717d60ffa33e5d2d37bc3de7305409)] -> id: VehiclesNew_embedded_questions_list_VehicleUse]<br>
[[ChromeDriver: chrome on WINDOWS (72717d60ffa33e5d2d37bc3de7305409)] -> tag name: checkbox-input] : is Not selected<br>
Sleeping for : 0.5 seconds zZzz..<br>
3 : value has been selected from the element : [[ChromeDriver: chrome on WINDOWS (72717d60ffa33e5d2d37bc3de7305409)] -> id: VehiclesNew_embedded_questions_list_OwnOrLease]<br>
Sleeping for : 0.5 seconds zZzz..<br>
E : value has been selected from the element : [[ChromeDriver: chrome on WINDOWS (72717d60ffa33e5d2d37bc3de7305409)] -> id: VehiclesNew_embedded_questions_list_LengthOfOwnership]<br>
Sleeping for : 0.5 seconds zZzz..<br>
5 : value has been selected from the element : [[ChromeDriver: chrome on WINDOWS (72717d60ffa33e5d2d37bc3de7305409)] -> id: VehiclesNew_embedded_questions_list_AntitheftDevice]<br>
Element is Cliking : Proxy element for: DefaultElementLocator 'By.xpath: //button[text()='Done']'<br>
Element is Cliking : [[ChromeDriver: chrome on WINDOWS (72717d60ffa33e5d2d37bc3de7305409)] -> xpath: //button[text()='Continue']]<br>]]>
  </system-out>
</testsuite> <!-- progresive.qa.test.auto.AutoTestHashMapDataProvider -->
